#
# There is insufficient memory for the Java Runtime Environment to continue.
# Native memory allocation (mmap) failed to map 65536 bytes for Failed to commit metaspace.
# Possible reasons:
#   The system is out of physical RAM or swap space
#   The process is running with CompressedOops enabled, and the Java Heap may be blocking the growth of the native heap
# Possible solutions:
#   Reduce memory load on the system
#   Increase physical memory or swap space
#   Check if swap backing store is full
#   Decrease Java heap size (-Xmx/-Xms)
#   Decrease number of Java threads
#   Decrease Java thread stack sizes (-Xss)
#   Set larger code cache with -XX:ReservedCodeCacheSize=
#   JVM is running with Unscaled Compressed Oops mode in which the Java heap is
#     placed in the first 4GB address space. The Java Heap base address is the
#     maximum limit for the native heap growth. Please use -XX:HeapBaseMinAddress
#     to set the Java Heap base and to place the Java Heap above 4GB virtual address.
# This output file may be truncated or incomplete.
#
#  Out of Memory Error (virtualSpaceNode.cpp:110), pid=11008, tid=22904
#
# JRE version: OpenJDK Runtime Environment Temurin-17.0.6+10 (17.0.6+10) (build 17.0.6+10)
# Java VM: OpenJDK 64-Bit Server VM Temurin-17.0.6+10 (17.0.6+10, mixed mode, tiered, compressed oops, compressed class ptrs, parallel gc, windows-amd64)
# No core dump will be written. Minidumps are not enabled by default on client versions of Windows
#

---------------  S U M M A R Y ------------

Command Line: --add-modules=ALL-SYSTEM --add-opens=java.base/java.util=ALL-UNNAMED --add-opens=java.base/java.lang=ALL-UNNAMED --add-opens=java.base/sun.nio.fs=ALL-UNNAMED -Declipse.application=org.eclipse.jdt.ls.core.id1 -Dosgi.bundles.defaultStartLevel=4 -Declipse.product=org.eclipse.jdt.ls.core.product -Djava.import.generatesMetadataFilesAtProjectRoot=false -Dfile.encoding=utf8 -XX:+UseParallelGC -XX:GCTimeRatio=4 -XX:AdaptiveSizePolicyWeight=90 -Dsun.zip.disableMemoryMapping=true -Xmx1G -Xms100m -Xlog:disable -javaagent:c:\Users\Admin\.vscode\extensions\redhat.java-1.15.0-win32-x64\lombok\lombok-1.18.24.jar -XX:+HeapDumpOnOutOfMemoryError -XX:HeapDumpPath=c:\Users\Admin\AppData\Roaming\Code\User\workspaceStorage\7b86ddf47b8e9642a43fcc037fbf82a1\redhat.java c:\Users\Admin\.vscode\extensions\redhat.java-1.15.0-win32-x64\server\plugins\org.eclipse.equinox.launcher_1.6.400.v20210924-0641.jar -configuration c:\Users\Admin\AppData\Roaming\Code\User\globalStorage\redhat.java\1.15.0\config_win -data c:\Users\Admin\AppData\Roaming\Code\User\workspaceStorage\7b86ddf47b8e9642a43fcc037fbf82a1\redhat.java\jdt_ws

Host: Intel(R) Core(TM) i5-10300H CPU @ 2.50GHz, 8 cores, 7G,  Windows 11 , 64 bit Build 22621 (10.0.22621.2506)
Time: Fri Dec  1 23:28:59 2023 SE Asia Standard Time elapsed time: 3.536439 seconds (0d 0h 0m 3s)

---------------  T H R E A D  ---------------

Current thread (0x00000182e896b820):  JavaThread "Start Level: Equinox Container: 3501501e-1185-4ca9-9746-a6bfac3b10c9" daemon [_thread_in_vm, id=22904, stack(0x0000000a0b500000,0x0000000a0b600000)]

Stack: [0x0000000a0b500000,0x0000000a0b600000]
Native frames: (J=compiled Java code, j=interpreted, Vv=VM code, C=native code)
V  [jvm.dll+0x67741a]
V  [jvm.dll+0x834434]
V  [jvm.dll+0x835bde]
V  [jvm.dll+0x836243]
V  [jvm.dll+0x2457b5]
V  [jvm.dll+0x8304cb]
V  [jvm.dll+0x61bca6]
V  [jvm.dll+0x1c05fe]
V  [jvm.dll+0x61e5f1]
V  [jvm.dll+0x61c646]
V  [jvm.dll+0x23b2a0]
V  [jvm.dll+0x1eae0d]
V  [jvm.dll+0x1e0841]
V  [jvm.dll+0x53c6d0]
V  [jvm.dll+0x7af5e8]
V  [jvm.dll+0x7af6d4]
V  [jvm.dll+0x40bc05]
V  [jvm.dll+0x411d58]
C  [java.dll+0x17ec]

Java frames: (J=compiled Java code, j=interpreted, Vv=VM code)
J 1039  java.lang.ClassLoader.defineClass1(Ljava/lang/ClassLoader;Ljava/lang/String;[BIILjava/security/ProtectionDomain;Ljava/lang/String;)Ljava/lang/Class; java.base@17.0.6 (0 bytes) @ 0x00000182dc0632db [0x00000182dc063220+0x00000000000000bb]
J 1657 c1 java.lang.ClassLoader.defineClass(Ljava/lang/String;[BIILjava/security/ProtectionDomain;)Ljava/lang/Class; java.base@17.0.6 (43 bytes) @ 0x00000182d4841454 [0x00000182d4841100+0x0000000000000354]
J 2174 c1 org.eclipse.osgi.internal.loader.ModuleClassLoader.defineClass(Ljava/lang/String;[BLorg/eclipse/osgi/internal/loader/classpath/ClasspathEntry;)Lorg/eclipse/osgi/internal/loader/ModuleClassLoader$DefineClassResult; (138 bytes) @ 0x00000182d497e41c [0x00000182d497e1c0+0x000000000000025c]
J 2061 c1 org.eclipse.osgi.internal.loader.classpath.ClasspathManager.defineClass(Ljava/lang/String;[BLorg/eclipse/osgi/internal/loader/classpath/ClasspathEntry;Lorg/eclipse/osgi/storage/bundlefile/BundleEntry;Ljava/util/List;)Ljava/lang/Class; (636 bytes) @ 0x00000182d4932bb4 [0x00000182d49311e0+0x00000000000019d4]
J 2060 c1 org.eclipse.osgi.internal.loader.classpath.ClasspathManager.findClassImpl(Ljava/lang/String;Lorg/eclipse/osgi/internal/loader/classpath/ClasspathEntry;Ljava/util/List;)Ljava/lang/Class; (308 bytes) @ 0x00000182d492d964 [0x00000182d492abc0+0x0000000000002da4]
J 1703 c1 org.eclipse.osgi.internal.loader.classpath.ClasspathManager.findLocalClassImpl(Ljava/lang/String;[Lorg/eclipse/osgi/internal/loader/classpath/ClasspathEntry;Ljava/util/List;)Ljava/lang/Class; (55 bytes) @ 0x00000182d4861ecc [0x00000182d4861d40+0x000000000000018c]
J 1702 c1 org.eclipse.osgi.internal.loader.classpath.ClasspathManager.findLocalClassImpl(Ljava/lang/String;Ljava/util/List;)Ljava/lang/Class; (132 bytes) @ 0x00000182d4861454 [0x00000182d4860f40+0x0000000000000514]
J 1941 c1 org.eclipse.osgi.internal.loader.classpath.ClasspathManager.findLocalClass(Ljava/lang/String;)Ljava/lang/Class; (210 bytes) @ 0x00000182d48f0c3c [0x00000182d48effa0+0x0000000000000c9c]
J 1695 c1 org.eclipse.osgi.internal.loader.BundleLoader.findLocalClass(Ljava/lang/String;)Ljava/lang/Class; (152 bytes) @ 0x00000182d48560ec [0x00000182d48558a0+0x000000000000084c]
J 1954 c1 org.eclipse.osgi.internal.loader.sources.SingleSourcePackage.loadClass(Ljava/lang/String;)Ljava/lang/Class; (9 bytes) @ 0x00000182d48f97bc [0x00000182d48f96c0+0x00000000000000fc]
J 1621 c1 org.eclipse.osgi.internal.loader.BundleLoader.findClass0(Ljava/lang/String;ZZ)Ljava/lang/Class; (466 bytes) @ 0x00000182d482921c [0x00000182d4826c20+0x00000000000025fc]
J 1620 c1 org.eclipse.osgi.internal.loader.BundleLoader.findClass(Ljava/lang/String;)Ljava/lang/Class; (8 bytes) @ 0x00000182d482631c [0x00000182d48262a0+0x000000000000007c]
J 1622 c1 org.eclipse.osgi.internal.loader.ModuleClassLoader.loadClass(Ljava/lang/String;Z)Ljava/lang/Class; (36 bytes) @ 0x00000182d482c33c [0x00000182d482c120+0x000000000000021c]
J 770 c1 java.lang.ClassLoader.loadClass(Ljava/lang/String;)Ljava/lang/Class; java.base@17.0.6 (7 bytes) @ 0x00000182d467253c [0x00000182d4672440+0x00000000000000fc]
v  ~StubRoutines::call_stub
j  org.eclipse.jdt.internal.core.JavaModelManager$8.optionsChanged(Lorg/eclipse/osgi/service/debug/DebugOptions;)V+127
j  org.eclipse.osgi.internal.debug.FrameworkDebugOptions.addingService(Lorg/osgi/framework/ServiceReference;)Lorg/eclipse/osgi/service/debug/DebugOptionsListener;+16
j  org.eclipse.osgi.internal.debug.FrameworkDebugOptions.addingService(Lorg/osgi/framework/ServiceReference;)Ljava/lang/Object;+5
j  org.osgi.util.tracker.ServiceTracker$Tracked.customizerAdding(Lorg/osgi/framework/ServiceReference;Lorg/osgi/framework/ServiceEvent;)Ljava/lang/Object;+8
j  org.osgi.util.tracker.ServiceTracker$Tracked.customizerAdding(Ljava/lang/Object;Ljava/lang/Object;)Ljava/lang/Object;+9
j  org.osgi.util.tracker.AbstractTracked.trackAdding(Ljava/lang/Object;Ljava/lang/Object;)V+8
j  org.osgi.util.tracker.AbstractTracked.track(Ljava/lang/Object;Ljava/lang/Object;)V+83
j  org.osgi.util.tracker.ServiceTracker$Tracked.serviceChanged(Lorg/osgi/framework/ServiceEvent;)V+67
J 1510 c1 org.eclipse.osgi.internal.serviceregistry.FilteredServiceListener.serviceChanged(Lorg/osgi/framework/ServiceEvent;)V (284 bytes) @ 0x00000182d4803a34 [0x00000182d4801760+0x00000000000022d4]
J 1656 c1 org.eclipse.osgi.internal.framework.BundleContextImpl.dispatchEvent(Ljava/lang/Object;Ljava/lang/Object;ILjava/lang/Object;)V (558 bytes) @ 0x00000182d483c26c [0x00000182d48391a0+0x00000000000030cc]
J 1797 c1 org.eclipse.osgi.framework.eventmgr.EventManager.dispatchEvent(Ljava/util/Set;Lorg/eclipse/osgi/framework/eventmgr/EventDispatcher;ILjava/lang/Object;)V (69 bytes) @ 0x00000182d4888474 [0x00000182d4887fa0+0x00000000000004d4]
j  org.eclipse.osgi.framework.eventmgr.ListenerQueue.dispatchEventSynchronous(ILjava/lang/Object;)V+67
j  org.eclipse.osgi.internal.serviceregistry.ServiceRegistry.publishServiceEventPrivileged(Lorg/osgi/framework/ServiceEvent;)V+320
j  org.eclipse.osgi.internal.serviceregistry.ServiceRegistry.publishServiceEvent(Lorg/osgi/framework/ServiceEvent;)V+8
j  org.eclipse.osgi.internal.serviceregistry.ServiceRegistrationImpl.register(Ljava/util/Dictionary;)V+128
j  org.eclipse.osgi.internal.serviceregistry.ServiceRegistry.registerService(Lorg/eclipse/osgi/internal/framework/BundleContextImpl;[Ljava/lang/String;Ljava/lang/Object;Ljava/util/Dictionary;)Lorg/eclipse/osgi/internal/serviceregistry/ServiceRegistrationImpl;+298
j  org.eclipse.osgi.internal.framework.BundleContextImpl.registerService([Ljava/lang/String;Ljava/lang/Object;Ljava/util/Dictionary;)Lorg/osgi/framework/ServiceRegistration;+15
j  org.eclipse.osgi.internal.framework.BundleContextImpl.registerService(Ljava/lang/String;Ljava/lang/Object;Ljava/util/Dictionary;)Lorg/osgi/framework/ServiceRegistration;+15
j  org.eclipse.osgi.internal.framework.BundleContextImpl.registerService(Ljava/lang/Class;Ljava/lang/Object;Ljava/util/Dictionary;)Lorg/osgi/framework/ServiceRegistration;+7
j  org.eclipse.jdt.internal.core.JavaModelManager.registerDebugOptionsListener(Lorg/osgi/framework/BundleContext;)V+32
j  org.eclipse.jdt.core.JavaCore.start(Lorg/osgi/framework/BundleContext;)V+6
j  org.eclipse.osgi.internal.framework.BundleContextImpl$2.run()Ljava/lang/Void;+23
j  org.eclipse.osgi.internal.framework.BundleContextImpl$2.run()Ljava/lang/Object;+1
J 1218 c1 java.security.AccessController.executePrivileged(Ljava/security/PrivilegedExceptionAction;Ljava/security/AccessControlContext;Ljava/lang/Class;)Ljava/lang/Object; java.base@17.0.6 (65 bytes) @ 0x00000182d4750f34 [0x00000182d4750de0+0x0000000000000154]
j  java.security.AccessController.doPrivileged(Ljava/security/PrivilegedExceptionAction;)Ljava/lang/Object;+9 java.base@17.0.6
j  org.eclipse.osgi.internal.framework.BundleContextImpl.startActivator(Lorg/osgi/framework/BundleActivator;)V+9
j  org.eclipse.osgi.internal.framework.BundleContextImpl.start()V+134
j  org.eclipse.osgi.internal.framework.EquinoxBundle.startWorker0()V+35
j  org.eclipse.osgi.internal.framework.EquinoxBundle$EquinoxModule.startWorker()V+4
j  org.eclipse.osgi.container.Module.doStart([Lorg/eclipse/osgi/container/Module$StartOptions;)Lorg/eclipse/osgi/container/ModuleContainerAdaptor$ModuleEvent;+190
J 2170 c1 org.eclipse.osgi.container.Module.start([Lorg/eclipse/osgi/container/Module$StartOptions;)V (655 bytes) @ 0x00000182d4976bd4 [0x00000182d4974860+0x0000000000002374]
J 2562 c1 org.eclipse.osgi.framework.util.SecureAction.start(Lorg/eclipse/osgi/container/Module;[Lorg/eclipse/osgi/container/Module$StartOptions;)V (61 bytes) @ 0x00000182d4a5d7cc [0x00000182d4a5d340+0x000000000000048c]
J 1697 c1 org.eclipse.osgi.internal.hooks.EclipseLazyStarter.postFindLocalClass(Ljava/lang/String;Ljava/lang/Class;Lorg/eclipse/osgi/internal/loader/classpath/ClasspathManager;)V (394 bytes) @ 0x00000182d485945c [0x00000182d48584e0+0x0000000000000f7c]
J 1941 c1 org.eclipse.osgi.internal.loader.classpath.ClasspathManager.findLocalClass(Ljava/lang/String;)Ljava/lang/Class; (210 bytes) @ 0x00000182d48f0f54 [0x00000182d48effa0+0x0000000000000fb4]
J 1695 c1 org.eclipse.osgi.internal.loader.BundleLoader.findLocalClass(Ljava/lang/String;)Ljava/lang/Class; (152 bytes) @ 0x00000182d48560ec [0x00000182d48558a0+0x000000000000084c]
J 1954 c1 org.eclipse.osgi.internal.loader.sources.SingleSourcePackage.loadClass(Ljava/lang/String;)Ljava/lang/Class; (9 bytes) @ 0x00000182d48f97bc [0x00000182d48f96c0+0x00000000000000fc]
J 1621 c1 org.eclipse.osgi.internal.loader.BundleLoader.findClass0(Ljava/lang/String;ZZ)Ljava/lang/Class; (466 bytes) @ 0x00000182d482921c [0x00000182d4826c20+0x00000000000025fc]
J 1620 c1 org.eclipse.osgi.internal.loader.BundleLoader.findClass(Ljava/lang/String;)Ljava/lang/Class; (8 bytes) @ 0x00000182d482631c [0x00000182d48262a0+0x000000000000007c]
J 1622 c1 org.eclipse.osgi.internal.loader.ModuleClassLoader.loadClass(Ljava/lang/String;Z)Ljava/lang/Class; (36 bytes) @ 0x00000182d482c33c [0x00000182d482c120+0x000000000000021c]
J 770 c1 java.lang.ClassLoader.loadClass(Ljava/lang/String;)Ljava/lang/Class; java.base@17.0.6 (7 bytes) @ 0x00000182d467253c [0x00000182d4672440+0x00000000000000fc]
v  ~StubRoutines::call_stub
j  java.lang.Class.getDeclaredConstructors0(Z)[Ljava/lang/reflect/Constructor;+0 java.base@17.0.6
j  java.lang.Class.privateGetDeclaredConstructors(Z)[Ljava/lang/reflect/Constructor;+52 java.base@17.0.6
j  java.lang.Class.getConstructor0([Ljava/lang/Class;I)Ljava/lang/reflect/Constructor;+14 java.base@17.0.6
j  java.lang.Class.getConstructor([Ljava/lang/Class;)Ljava/lang/reflect/Constructor;+24 java.base@17.0.6
j  org.eclipse.osgi.internal.framework.BundleContextImpl.loadBundleActivator()Lorg/osgi/framework/BundleActivator;+105
j  org.eclipse.osgi.internal.framework.BundleContextImpl.start()V+18
j  org.eclipse.osgi.internal.framework.EquinoxBundle.startWorker0()V+35
j  org.eclipse.osgi.internal.framework.EquinoxBundle$EquinoxModule.startWorker()V+4
j  org.eclipse.osgi.container.Module.doStart([Lorg/eclipse/osgi/container/Module$StartOptions;)Lorg/eclipse/osgi/container/ModuleContainerAdaptor$ModuleEvent;+190
j  org.eclipse.osgi.container.Module.start([Lorg/eclipse/osgi/container/Module$StartOptions;)V+460
j  org.eclipse.osgi.container.ModuleContainer$ContainerStartLevel$2.run()V+71
j  org.eclipse.osgi.internal.framework.EquinoxContainerAdaptor$1$1.execute(Ljava/lang/Runnable;)V+1
j  org.eclipse.osgi.container.ModuleContainer$ContainerStartLevel.incStartLevel(ILjava/util/List;Z)V+192
j  org.eclipse.osgi.container.ModuleContainer$ContainerStartLevel.incStartLevel(ILjava/util/List;Ljava/util/List;Ljava/util/List;Ljava/util/List;)V+19
j  org.eclipse.osgi.container.ModuleContainer$ContainerStartLevel.doContainerStartLevel(Lorg/eclipse/osgi/container/Module;I[Lorg/osgi/framework/FrameworkListener;)V+349
j  org.eclipse.osgi.container.ModuleContainer$ContainerStartLevel.dispatchEvent(Lorg/eclipse/osgi/container/Module;[Lorg/osgi/framework/FrameworkListener;ILjava/lang/Integer;)V+32
j  org.eclipse.osgi.container.ModuleContainer$ContainerStartLevel.dispatchEvent(Ljava/lang/Object;Ljava/lang/Object;ILjava/lang/Object;)V+15
j  org.eclipse.osgi.framework.eventmgr.EventManager.dispatchEvent(Ljava/util/Set;Lorg/eclipse/osgi/framework/eventmgr/EventDispatcher;ILjava/lang/Object;)V+48
j  org.eclipse.osgi.framework.eventmgr.EventManager$EventThread.run()V+26
v  ~StubRoutines::call_stub

---------------  P R O C E S S  ---------------

Threads class SMR info:
_java_thread_list=0x00000182e96e3b70, length=20, elements={
0x00000182cf8be9c0, 0x00000182e5736fe0, 0x00000182e5739690, 0x00000182d197e310,
0x00000182e7277160, 0x00000182e7277fd0, 0x00000182e727bb00, 0x00000182e727d720,
0x00000182e72dc800, 0x00000182e72dee10, 0x00000182e7377e00, 0x00000182e8218040,
0x00000182e86b8550, 0x00000182e8940b70, 0x00000182e896b820, 0x00000182e8611030,
0x00000182e8902ce0, 0x00000182e96beac0, 0x00000182e99a0e70, 0x00000182e999b570
}

Java Threads: ( => current thread )
  0x00000182cf8be9c0 JavaThread "main" [_thread_blocked, id=19252, stack(0x0000000a09e00000,0x0000000a09f00000)]
  0x00000182e5736fe0 JavaThread "Reference Handler" daemon [_thread_blocked, id=27848, stack(0x0000000a0a100000,0x0000000a0a200000)]
  0x00000182e5739690 JavaThread "Finalizer" daemon [_thread_blocked, id=5484, stack(0x0000000a0a200000,0x0000000a0a300000)]
  0x00000182d197e310 JavaThread "Signal Dispatcher" daemon [_thread_blocked, id=21716, stack(0x0000000a0a300000,0x0000000a0a400000)]
  0x00000182e7277160 JavaThread "Attach Listener" daemon [_thread_blocked, id=19896, stack(0x0000000a0a400000,0x0000000a0a500000)]
  0x00000182e7277fd0 JavaThread "Service Thread" daemon [_thread_blocked, id=28068, stack(0x0000000a0a500000,0x0000000a0a600000)]
  0x00000182e727bb00 JavaThread "Monitor Deflation Thread" daemon [_thread_blocked, id=15984, stack(0x0000000a0a600000,0x0000000a0a700000)]
  0x00000182e727d720 JavaThread "C2 CompilerThread0" daemon [_thread_blocked, id=29768, stack(0x0000000a0a700000,0x0000000a0a800000)]
  0x00000182e72dc800 JavaThread "C1 CompilerThread0" daemon [_thread_blocked, id=26904, stack(0x0000000a0a800000,0x0000000a0a900000)]
  0x00000182e72dee10 JavaThread "Sweeper thread" daemon [_thread_blocked, id=21608, stack(0x0000000a0a900000,0x0000000a0aa00000)]
  0x00000182e7377e00 JavaThread "Common-Cleaner" daemon [_thread_blocked, id=13756, stack(0x0000000a0aa00000,0x0000000a0ab00000)]
  0x00000182e8218040 JavaThread "Notification Thread" daemon [_thread_blocked, id=15972, stack(0x0000000a0ab00000,0x0000000a0ac00000)]
  0x00000182e86b8550 JavaThread "Active Thread: Equinox Container: 3501501e-1185-4ca9-9746-a6bfac3b10c9" [_thread_blocked, id=29712, stack(0x0000000a0b300000,0x0000000a0b400000)]
  0x00000182e8940b70 JavaThread "Framework Event Dispatcher: Equinox Container: 3501501e-1185-4ca9-9746-a6bfac3b10c9" daemon [_thread_blocked, id=3236, stack(0x0000000a0b400000,0x0000000a0b500000)]
=>0x00000182e896b820 JavaThread "Start Level: Equinox Container: 3501501e-1185-4ca9-9746-a6bfac3b10c9" daemon [_thread_in_vm, id=22904, stack(0x0000000a0b500000,0x0000000a0b600000)]
  0x00000182e8611030 JavaThread "SCR Component Actor" daemon [_thread_blocked, id=5816, stack(0x0000000a0b600000,0x0000000a0b700000)]
  0x00000182e8902ce0 JavaThread "SCR Component Registry" daemon [_thread_blocked, id=17628, stack(0x0000000a0b800000,0x0000000a0b900000)]
  0x00000182e96beac0 JavaThread "Worker-JM" [_thread_blocked, id=19132, stack(0x0000000a0b900000,0x0000000a0ba00000)]
  0x00000182e99a0e70 JavaThread "Worker-0" [_thread_blocked, id=18484, stack(0x0000000a0ba00000,0x0000000a0bb00000)]
  0x00000182e999b570 JavaThread "Worker-1" [_thread_blocked, id=21392, stack(0x0000000a0bb00000,0x0000000a0bc00000)]

Other Threads:
  0x00000182e7240c20 VMThread "VM Thread" [stack: 0x0000000a0a000000,0x0000000a0a100000] [id=3896]
  0x00000182e756a380 WatcherThread [stack: 0x0000000a0ac00000,0x0000000a0ad00000] [id=23740]
  0x00000182d18d6180 GCTaskThread "GC Thread#0" [stack: 0x0000000a09f00000,0x0000000a0a000000] [id=1780]
  0x00000182e82fb090 GCTaskThread "GC Thread#1" [stack: 0x0000000a0ad00000,0x0000000a0ae00000] [id=20872]
  0x00000182e852a3a0 GCTaskThread "GC Thread#2" [stack: 0x0000000a0ae00000,0x0000000a0af00000] [id=28028]
  0x00000182e852a650 GCTaskThread "GC Thread#3" [stack: 0x0000000a0af00000,0x0000000a0b000000] [id=24392]
  0x00000182e852a900 GCTaskThread "GC Thread#4" [stack: 0x0000000a0b000000,0x0000000a0b100000] [id=28828]
  0x00000182e868efc0 GCTaskThread "GC Thread#5" [stack: 0x0000000a0b100000,0x0000000a0b200000] [id=23896]
  0x00000182e868f270 GCTaskThread "GC Thread#6" [stack: 0x0000000a0b200000,0x0000000a0b300000] [id=26756]
  0x00000182e89870d0 GCTaskThread "GC Thread#7" [stack: 0x0000000a0b700000,0x0000000a0b800000] [id=16352]

Threads with active compile tasks:

VM state: not at safepoint (normal execution)

VM Mutex/Monitor currently owned by a thread:  ([mutex/lock_event])
[0x00000182d18b8eb0] Metaspace_lock - owner thread: 0x00000182e896b820

Heap address: 0x00000000c0000000, size: 1024 MB, Compressed Oops mode: 32-bit

CDS archive(s) not mapped
Compressed class space mapped at: 0x0000000100000000-0x0000000140000000, reserved size: 1073741824
Narrow klass base: 0x0000000000000000, Narrow klass shift: 3, Narrow klass range: 0x140000000

GC Precious Log:
 CPUs: 8 total, 8 available
 Memory: 8029M
 Large Page Support: Disabled
 NUMA Support: Disabled
 Compressed Oops: Enabled (32-bit)
 Alignments: Space 512K, Generation 512K, Heap 2M
 Heap Min Capacity: 100M
 Heap Initial Capacity: 100M
 Heap Max Capacity: 1G
 Pre-touch: Disabled
 Parallel Workers: 8

Heap:
 PSYoungGen      total 27136K, used 23661K [0x00000000eab00000, 0x00000000ecd80000, 0x0000000100000000)
  eden space 25088K, 86% used [0x00000000eab00000,0x00000000ec025040,0x00000000ec380000)
  from space 2048K, 98% used [0x00000000ecb80000,0x00000000ecd76460,0x00000000ecd80000)
  to   space 3584K, 0% used [0x00000000ec680000,0x00000000ec680000,0x00000000eca00000)
 ParOldGen       total 68608K, used 16722K [0x00000000c0000000, 0x00000000c4300000, 0x00000000eab00000)
  object space 68608K, 24% used [0x00000000c0000000,0x00000000c1054b08,0x00000000c4300000)
 Metaspace       used 26471K, committed 27008K, reserved 1081344K
  class space    used 2628K, committed 2880K, reserved 1048576K

Card table byte_map: [0x00000182d1290000,0x00000182d14a0000] _byte_map_base: 0x00000182d0c90000

Marking Bits: (ParMarkBitMap*) 0x00007ff8adeb3e70
 Begin Bits: [0x00000182e3540000, 0x00000182e4540000)
 End Bits:   [0x00000182e4540000, 0x00000182e5540000)

Polling page: 0x00000182d1080000

Metaspace:

Usage:
  Non-class:     23.28 MB used.
      Class:      2.57 MB used.
       Both:     25.85 MB used.

Virtual space:
  Non-class space:       32.00 MB reserved,      23.56 MB ( 74%) committed,  4 nodes.
      Class space:        1.00 GB reserved,       2.81 MB ( <1%) committed,  1 nodes.
             Both:        1.03 GB reserved,      26.38 MB (  2%) committed. 

Chunk freelists:
   Non-Class:  3.61 MB
       Class:  1.02 MB
        Both:  4.62 MB

MaxMetaspaceSize: unlimited
CompressedClassSpaceSize: 1.00 GB
Initial GC threshold: 21.00 MB
Current GC threshold: 35.00 MB
CDS: off
MetaspaceReclaimPolicy: balanced
 - commit_granule_bytes: 65536.
 - commit_granule_words: 8192.
 - virtual_space_node_default_size: 1048576.
 - enlarge_chunks_in_place: 1.
 - new_chunks_are_fully_committed: 0.
 - uncommit_free_chunks: 1.
 - use_allocation_guard: 0.
 - handle_deallocations: 1.


Internal statistics:

num_allocs_failed_limit: 3.
num_arena_births: 224.
num_arena_deaths: 14.
num_vsnodes_births: 5.
num_vsnodes_deaths: 0.
num_space_committed: 422.
num_space_uncommitted: 0.
num_chunks_returned_to_freelist: 17.
num_chunks_taken_from_freelist: 943.
num_chunk_merges: 7.
num_chunk_splits: 627.
num_chunks_enlarged: 428.
num_purges: 2.
num_inconsistent_stats: 0.

CodeHeap 'non-profiled nmethods': size=120000Kb used=1218Kb max_used=1218Kb free=118781Kb
 bounds [0x00000182dc010000, 0x00000182dc280000, 0x00000182e3540000]
CodeHeap 'profiled nmethods': size=120000Kb used=5767Kb max_used=5767Kb free=114232Kb
 bounds [0x00000182d4540000, 0x00000182d4af0000, 0x00000182dba70000]
CodeHeap 'non-nmethods': size=5760Kb used=1196Kb max_used=1242Kb free=4563Kb
 bounds [0x00000182dba70000, 0x00000182dbce0000, 0x00000182dc010000]
 total_blobs=3342 nmethods=2837 adapters=419
 compilation: enabled
              stopped_count=0, restarted_count=0
 full_count=0

Compilation events (20 events):
Event: 3.468 Thread 0x00000182e72dc800 nmethod 2833 0x00000182d4ad8e10 code [0x00000182d4ad9280, 0x00000182d4adae18]
Event: 3.473 Thread 0x00000182e727d720 nmethod 2816 0x00000182dc13d590 code [0x00000182dc13d740, 0x00000182dc13dce8]
Event: 3.473 Thread 0x00000182e727d720 2814       4       org.objectweb.asm.SymbolTable$Entry::<init> (20 bytes)
Event: 3.473 Thread 0x00000182e727d720 nmethod 2814 0x00000182dc13e110 code [0x00000182dc13e280, 0x00000182dc13e338]
Event: 3.473 Thread 0x00000182e727d720 2815       4       org.objectweb.asm.SymbolTable::addConstantMemberReference (29 bytes)
Event: 3.482 Thread 0x00000182e727d720 nmethod 2815 0x00000182dc13e410 code [0x00000182dc13e5a0, 0x00000182dc13ec78]
Event: 3.482 Thread 0x00000182e727d720 2827       4       org.objectweb.asm.SymbolTable$Entry::<init> (18 bytes)
Event: 3.483 Thread 0x00000182e727d720 nmethod 2827 0x00000182dc13f190 code [0x00000182dc13f300, 0x00000182dc13f3b8]
Event: 3.483 Thread 0x00000182e727d720 2832       4       org.objectweb.asm.SymbolTable::addConstantNameAndType (28 bytes)
Event: 3.488 Thread 0x00000182e727d720 nmethod 2832 0x00000182dc13f490 code [0x00000182dc13f620, 0x00000182dc13fb58]
Event: 3.493 Thread 0x00000182e72dc800 2834       3       org.eclipse.core.runtime.Path::fromPortableString (175 bytes)
Event: 3.494 Thread 0x00000182e72dc800 nmethod 2834 0x00000182d4adb890 code [0x00000182d4adbbe0, 0x00000182d4adcf98]
Event: 3.516 Thread 0x00000182e72dc800 2835       3       org.objectweb.asm.SymbolTable::addConstant (330 bytes)
Event: 3.517 Thread 0x00000182e72dc800 nmethod 2835 0x00000182d4add790 code [0x00000182d4addd40, 0x00000182d4ae0eb8]
Event: 3.517 Thread 0x00000182e72dc800 2837       3       org.objectweb.asm.ByteVector::putInt (74 bytes)
Event: 3.517 Thread 0x00000182e72dc800 nmethod 2837 0x00000182d4ae1990 code [0x00000182d4ae1b40, 0x00000182d4ae1da8]
Event: 3.517 Thread 0x00000182e72dc800 2836       1       lombok.patcher.scripts.AddFieldScript::access$0 (5 bytes)
Event: 3.517 Thread 0x00000182e72dc800 nmethod 2836 0x00000182dc13ff10 code [0x00000182dc1400a0, 0x00000182dc140158]
Event: 3.525 Thread 0x00000182e727d720 2838       4       java.util.Arrays::copyOf (40 bytes)
Event: 3.528 Thread 0x00000182e727d720 nmethod 2838 0x00000182dc140210 code [0x00000182dc1403a0, 0x00000182dc140818]

GC Heap History (14 events):
Event: 0.840 GC heap before
{Heap before GC invocations=1 (full 0):
 PSYoungGen      total 29696K, used 25600K [0x00000000eab00000, 0x00000000ecc00000, 0x0000000100000000)
  eden space 25600K, 100% used [0x00000000eab00000,0x00000000ec400000,0x00000000ec400000)
  from space 4096K, 0% used [0x00000000ec800000,0x00000000ec800000,0x00000000ecc00000)
  to   space 4096K, 0% used [0x00000000ec400000,0x00000000ec400000,0x00000000ec800000)
 ParOldGen       total 68608K, used 0K [0x00000000c0000000, 0x00000000c4300000, 0x00000000eab00000)
  object space 68608K, 0% used [0x00000000c0000000,0x00000000c0000000,0x00000000c4300000)
 Metaspace       used 11095K, committed 11264K, reserved 1064960K
  class space    used 1103K, committed 1216K, reserved 1048576K
}
Event: 0.846 GC heap after
{Heap after GC invocations=1 (full 0):
 PSYoungGen      total 29696K, used 3201K [0x00000000eab00000, 0x00000000ecc00000, 0x0000000100000000)
  eden space 25600K, 0% used [0x00000000eab00000,0x00000000eab00000,0x00000000ec400000)
  from space 4096K, 78% used [0x00000000ec400000,0x00000000ec720690,0x00000000ec800000)
  to   space 4096K, 0% used [0x00000000ec800000,0x00000000ec800000,0x00000000ecc00000)
 ParOldGen       total 68608K, used 16K [0x00000000c0000000, 0x00000000c4300000, 0x00000000eab00000)
  object space 68608K, 0% used [0x00000000c0000000,0x00000000c0004000,0x00000000c4300000)
 Metaspace       used 11095K, committed 11264K, reserved 1064960K
  class space    used 1103K, committed 1216K, reserved 1048576K
}
Event: 1.365 GC heap before
{Heap before GC invocations=2 (full 0):
 PSYoungGen      total 29696K, used 28801K [0x00000000eab00000, 0x00000000ecc00000, 0x0000000100000000)
  eden space 25600K, 100% used [0x00000000eab00000,0x00000000ec400000,0x00000000ec400000)
  from space 4096K, 78% used [0x00000000ec400000,0x00000000ec720690,0x00000000ec800000)
  to   space 4096K, 0% used [0x00000000ec800000,0x00000000ec800000,0x00000000ecc00000)
 ParOldGen       total 68608K, used 16K [0x00000000c0000000, 0x00000000c4300000, 0x00000000eab00000)
  object space 68608K, 0% used [0x00000000c0000000,0x00000000c0004000,0x00000000c4300000)
 Metaspace       used 14964K, committed 15232K, reserved 1064960K
  class space    used 1512K, committed 1664K, reserved 1048576K
}
Event: 1.371 GC heap after
{Heap after GC invocations=2 (full 0):
 PSYoungGen      total 29696K, used 4077K [0x00000000eab00000, 0x00000000ecc00000, 0x0000000100000000)
  eden space 25600K, 0% used [0x00000000eab00000,0x00000000eab00000,0x00000000ec400000)
  from space 4096K, 99% used [0x00000000ec800000,0x00000000ecbfb728,0x00000000ecc00000)
  to   space 4096K, 0% used [0x00000000ec400000,0x00000000ec400000,0x00000000ec800000)
 ParOldGen       total 68608K, used 1382K [0x00000000c0000000, 0x00000000c4300000, 0x00000000eab00000)
  object space 68608K, 2% used [0x00000000c0000000,0x00000000c0159ba0,0x00000000c4300000)
 Metaspace       used 14964K, committed 15232K, reserved 1064960K
  class space    used 1512K, committed 1664K, reserved 1048576K
}
Event: 1.948 GC heap before
{Heap before GC invocations=3 (full 0):
 PSYoungGen      total 29696K, used 29677K [0x00000000eab00000, 0x00000000ecc00000, 0x0000000100000000)
  eden space 25600K, 100% used [0x00000000eab00000,0x00000000ec400000,0x00000000ec400000)
  from space 4096K, 99% used [0x00000000ec800000,0x00000000ecbfb728,0x00000000ecc00000)
  to   space 4096K, 0% used [0x00000000ec400000,0x00000000ec400000,0x00000000ec800000)
 ParOldGen       total 68608K, used 1382K [0x00000000c0000000, 0x00000000c4300000, 0x00000000eab00000)
  object space 68608K, 2% used [0x00000000c0000000,0x00000000c0159ba0,0x00000000c4300000)
 Metaspace       used 19926K, committed 20352K, reserved 1073152K
  class space    used 2004K, committed 2240K, reserved 1048576K
}
Event: 1.951 GC heap after
{Heap after GC invocations=3 (full 0):
 PSYoungGen      total 29696K, used 4092K [0x00000000eab00000, 0x00000000ecc00000, 0x0000000100000000)
  eden space 25600K, 0% used [0x00000000eab00000,0x00000000eab00000,0x00000000ec400000)
  from space 4096K, 99% used [0x00000000ec400000,0x00000000ec7ff288,0x00000000ec800000)
  to   space 4096K, 0% used [0x00000000ec800000,0x00000000ec800000,0x00000000ecc00000)
 ParOldGen       total 68608K, used 3727K [0x00000000c0000000, 0x00000000c4300000, 0x00000000eab00000)
  object space 68608K, 5% used [0x00000000c0000000,0x00000000c03a3ca8,0x00000000c4300000)
 Metaspace       used 19926K, committed 20352K, reserved 1073152K
  class space    used 2004K, committed 2240K, reserved 1048576K
}
Event: 2.321 GC heap before
{Heap before GC invocations=4 (full 0):
 PSYoungGen      total 29696K, used 29692K [0x00000000eab00000, 0x00000000ecc00000, 0x0000000100000000)
  eden space 25600K, 100% used [0x00000000eab00000,0x00000000ec400000,0x00000000ec400000)
  from space 4096K, 99% used [0x00000000ec400000,0x00000000ec7ff288,0x00000000ec800000)
  to   space 4096K, 0% used [0x00000000ec800000,0x00000000ec800000,0x00000000ecc00000)
 ParOldGen       total 68608K, used 3727K [0x00000000c0000000, 0x00000000c4300000, 0x00000000eab00000)
  object space 68608K, 5% used [0x00000000c0000000,0x00000000c03a3ca8,0x00000000c4300000)
 Metaspace       used 20936K, committed 21376K, reserved 1073152K
  class space    used 2100K, committed 2304K, reserved 1048576K
}
Event: 2.331 GC heap after
{Heap after GC invocations=4 (full 0):
 PSYoungGen      total 29696K, used 4092K [0x00000000eab00000, 0x00000000ecc00000, 0x0000000100000000)
  eden space 25600K, 0% used [0x00000000eab00000,0x00000000eab00000,0x00000000ec400000)
  from space 4096K, 99% used [0x00000000ec800000,0x00000000ecbff288,0x00000000ecc00000)
  to   space 4096K, 0% used [0x00000000ec400000,0x00000000ec400000,0x00000000ec800000)
 ParOldGen       total 68608K, used 12819K [0x00000000c0000000, 0x00000000c4300000, 0x00000000eab00000)
  object space 68608K, 18% used [0x00000000c0000000,0x00000000c0c84ce8,0x00000000c4300000)
 Metaspace       used 20936K, committed 21376K, reserved 1073152K
  class space    used 2100K, committed 2304K, reserved 1048576K
}
Event: 2.349 GC heap before
{Heap before GC invocations=5 (full 0):
 PSYoungGen      total 29696K, used 5030K [0x00000000eab00000, 0x00000000ecc00000, 0x0000000100000000)
  eden space 25600K, 3% used [0x00000000eab00000,0x00000000eabea810,0x00000000ec400000)
  from space 4096K, 99% used [0x00000000ec800000,0x00000000ecbff288,0x00000000ecc00000)
  to   space 4096K, 0% used [0x00000000ec400000,0x00000000ec400000,0x00000000ec800000)
 ParOldGen       total 68608K, used 12819K [0x00000000c0000000, 0x00000000c4300000, 0x00000000eab00000)
  object space 68608K, 18% used [0x00000000c0000000,0x00000000c0c84ce8,0x00000000c4300000)
 Metaspace       used 21034K, committed 21504K, reserved 1073152K
  class space    used 2110K, committed 2304K, reserved 1048576K
}
Event: 2.354 GC heap after
{Heap after GC invocations=5 (full 0):
 PSYoungGen      total 29696K, used 4076K [0x00000000eab00000, 0x00000000ed300000, 0x0000000100000000)
  eden space 25600K, 0% used [0x00000000eab00000,0x00000000eab00000,0x00000000ec400000)
  from space 4096K, 99% used [0x00000000ec400000,0x00000000ec7fb298,0x00000000ec800000)
  to   space 7680K, 0% used [0x00000000ecb80000,0x00000000ecb80000,0x00000000ed300000)
 ParOldGen       total 68608K, used 12915K [0x00000000c0000000, 0x00000000c4300000, 0x00000000eab00000)
  object space 68608K, 18% used [0x00000000c0000000,0x00000000c0c9cd18,0x00000000c4300000)
 Metaspace       used 21034K, committed 21504K, reserved 1073152K
  class space    used 2110K, committed 2304K, reserved 1048576K
}
Event: 2.354 GC heap before
{Heap before GC invocations=6 (full 1):
 PSYoungGen      total 29696K, used 4076K [0x00000000eab00000, 0x00000000ed300000, 0x0000000100000000)
  eden space 25600K, 0% used [0x00000000eab00000,0x00000000eab00000,0x00000000ec400000)
  from space 4096K, 99% used [0x00000000ec400000,0x00000000ec7fb298,0x00000000ec800000)
  to   space 7680K, 0% used [0x00000000ecb80000,0x00000000ecb80000,0x00000000ed300000)
 ParOldGen       total 68608K, used 12915K [0x00000000c0000000, 0x00000000c4300000, 0x00000000eab00000)
  object space 68608K, 18% used [0x00000000c0000000,0x00000000c0c9cd18,0x00000000c4300000)
 Metaspace       used 21034K, committed 21504K, reserved 1073152K
  class space    used 2110K, committed 2304K, reserved 1048576K
}
Event: 2.395 GC heap after
{Heap after GC invocations=6 (full 1):
 PSYoungGen      total 29696K, used 0K [0x00000000eab00000, 0x00000000ed300000, 0x0000000100000000)
  eden space 25600K, 0% used [0x00000000eab00000,0x00000000eab00000,0x00000000ec400000)
  from space 4096K, 0% used [0x00000000ec400000,0x00000000ec400000,0x00000000ec800000)
  to   space 7680K, 0% used [0x00000000ecb80000,0x00000000ecb80000,0x00000000ed300000)
 ParOldGen       total 68608K, used 16714K [0x00000000c0000000, 0x00000000c4300000, 0x00000000eab00000)
  object space 68608K, 24% used [0x00000000c0000000,0x00000000c1052b08,0x00000000c4300000)
 Metaspace       used 21021K, committed 21504K, reserved 1073152K
  class space    used 2106K, committed 2304K, reserved 1048576K
}
Event: 3.390 GC heap before
{Heap before GC invocations=7 (full 1):
 PSYoungGen      total 29696K, used 25600K [0x00000000eab00000, 0x00000000ed300000, 0x0000000100000000)
  eden space 25600K, 100% used [0x00000000eab00000,0x00000000ec400000,0x00000000ec400000)
  from space 4096K, 0% used [0x00000000ec400000,0x00000000ec400000,0x00000000ec800000)
  to   space 7680K, 0% used [0x00000000ecb80000,0x00000000ecb80000,0x00000000ed300000)
 ParOldGen       total 68608K, used 16714K [0x00000000c0000000, 0x00000000c4300000, 0x00000000eab00000)
  object space 68608K, 24% used [0x00000000c0000000,0x00000000c1052b08,0x00000000c4300000)
 Metaspace       used 23692K, committed 24256K, reserved 1073152K
  class space    used 2441K, committed 2688K, reserved 1048576K
}
Event: 3.392 GC heap after
{Heap after GC invocations=7 (full 1):
 PSYoungGen      total 27136K, used 2009K [0x00000000eab00000, 0x00000000ecd80000, 0x0000000100000000)
  eden space 25088K, 0% used [0x00000000eab00000,0x00000000eab00000,0x00000000ec380000)
  from space 2048K, 98% used [0x00000000ecb80000,0x00000000ecd76460,0x00000000ecd80000)
  to   space 3584K, 0% used [0x00000000ec680000,0x00000000ec680000,0x00000000eca00000)
 ParOldGen       total 68608K, used 16722K [0x00000000c0000000, 0x00000000c4300000, 0x00000000eab00000)
  object space 68608K, 24% used [0x00000000c0000000,0x00000000c1054b08,0x00000000c4300000)
 Metaspace       used 23692K, committed 24256K, reserved 1073152K
  class space    used 2441K, committed 2688K, reserved 1048576K
}

Dll operation events (9 events):
Event: 0.016 Loaded shared library c:\Users\Admin\.vscode\extensions\redhat.java-1.15.0-win32-x64\jre\17.0.6-win32-x86_64\bin\java.dll
Event: 0.163 Loaded shared library c:\Users\Admin\.vscode\extensions\redhat.java-1.15.0-win32-x64\jre\17.0.6-win32-x86_64\bin\zip.dll
Event: 0.166 Loaded shared library C:\Users\Admin\.vscode\extensions\redhat.java-1.15.0-win32-x64\jre\17.0.6-win32-x86_64\bin\instrument.dll
Event: 0.178 Loaded shared library C:\Users\Admin\.vscode\extensions\redhat.java-1.15.0-win32-x64\jre\17.0.6-win32-x86_64\bin\net.dll
Event: 0.180 Loaded shared library C:\Users\Admin\.vscode\extensions\redhat.java-1.15.0-win32-x64\jre\17.0.6-win32-x86_64\bin\nio.dll
Event: 0.186 Loaded shared library C:\Users\Admin\.vscode\extensions\redhat.java-1.15.0-win32-x64\jre\17.0.6-win32-x86_64\bin\zip.dll
Event: 0.203 Loaded shared library C:\Users\Admin\.vscode\extensions\redhat.java-1.15.0-win32-x64\jre\17.0.6-win32-x86_64\bin\jimage.dll
Event: 0.264 Loaded shared library c:\Users\Admin\.vscode\extensions\redhat.java-1.15.0-win32-x64\jre\17.0.6-win32-x86_64\bin\verify.dll
Event: 1.251 Loaded shared library C:\Users\Admin\AppData\Roaming\Code\User\globalStorage\redhat.java\1.15.0\config_win\org.eclipse.equinox.launcher\org.eclipse.equinox.launcher.win32.win32.x86_64_1.2.700.v20221108-1024\eclipse_11801.dll

Deoptimization events (20 events):
Event: 3.258 Thread 0x00000182e896b820 Uncommon trap: trap_request=0xffffffc6 fr.pc=0x00000182dc0db200 relative=0x0000000000000da0
Event: 3.258 Thread 0x00000182e896b820 Uncommon trap: reason=bimorphic_or_optimized_type_check action=maybe_recompile pc=0x00000182dc0db200 method=java.io.FilterInputStream.read([BII)I @ 7 c2
Event: 3.258 Thread 0x00000182e896b820 DEOPT PACKING pc=0x00000182dc0db200 sp=0x0000000a0b5f2300
Event: 3.258 Thread 0x00000182e896b820 DEOPT UNPACKING pc=0x00000182dbac66a3 sp=0x0000000a0b5f22e8 mode 2
Event: 3.258 Thread 0x00000182e896b820 DEOPT PACKING pc=0x00000182d467b01e sp=0x0000000a0b5f2430
Event: 3.258 Thread 0x00000182e896b820 DEOPT UNPACKING pc=0x00000182dbac6e43 sp=0x0000000a0b5f1928 mode 0
Event: 3.259 Thread 0x00000182e896b820 Uncommon trap: trap_request=0xffffffc6 fr.pc=0x00000182dc0db200 relative=0x0000000000000da0
Event: 3.259 Thread 0x00000182e896b820 Uncommon trap: reason=bimorphic_or_optimized_type_check action=maybe_recompile pc=0x00000182dc0db200 method=java.io.FilterInputStream.read([BII)I @ 7 c2
Event: 3.259 Thread 0x00000182e896b820 DEOPT PACKING pc=0x00000182dc0db200 sp=0x0000000a0b5f2300
Event: 3.259 Thread 0x00000182e896b820 DEOPT UNPACKING pc=0x00000182dbac66a3 sp=0x0000000a0b5f22e8 mode 2
Event: 3.259 Thread 0x00000182e896b820 Uncommon trap: trap_request=0xffffffc6 fr.pc=0x00000182dc0db200 relative=0x0000000000000da0
Event: 3.259 Thread 0x00000182e896b820 Uncommon trap: reason=bimorphic_or_optimized_type_check action=maybe_recompile pc=0x00000182dc0db200 method=java.io.FilterInputStream.read([BII)I @ 7 c2
Event: 3.259 Thread 0x00000182e896b820 DEOPT PACKING pc=0x00000182dc0db200 sp=0x0000000a0b5f2300
Event: 3.259 Thread 0x00000182e896b820 DEOPT UNPACKING pc=0x00000182dbac66a3 sp=0x0000000a0b5f22e8 mode 2
Event: 3.259 Thread 0x00000182e896b820 Uncommon trap: trap_request=0xffffffc6 fr.pc=0x00000182dc0db200 relative=0x0000000000000da0
Event: 3.259 Thread 0x00000182e896b820 Uncommon trap: reason=bimorphic_or_optimized_type_check action=maybe_recompile pc=0x00000182dc0db200 method=java.io.FilterInputStream.read([BII)I @ 7 c2
Event: 3.259 Thread 0x00000182e896b820 DEOPT PACKING pc=0x00000182dc0db200 sp=0x0000000a0b5f2300
Event: 3.259 Thread 0x00000182e896b820 DEOPT UNPACKING pc=0x00000182dbac66a3 sp=0x0000000a0b5f22e8 mode 2
Event: 3.363 Thread 0x00000182e896b820 DEOPT PACKING pc=0x00000182d467b01e sp=0x0000000a0b5f4610
Event: 3.363 Thread 0x00000182e896b820 DEOPT UNPACKING pc=0x00000182dbac6e43 sp=0x0000000a0b5f3b08 mode 0

Classes unloaded (7 events):
Event: 2.362 Thread 0x00000182e7240c20 Unloading class 0x0000000100216400 'java/lang/invoke/LambdaForm$MH+0x0000000100216400'
Event: 2.362 Thread 0x00000182e7240c20 Unloading class 0x0000000100216000 'java/lang/invoke/LambdaForm$MH+0x0000000100216000'
Event: 2.362 Thread 0x00000182e7240c20 Unloading class 0x0000000100215c00 'java/lang/invoke/LambdaForm$MH+0x0000000100215c00'
Event: 2.362 Thread 0x00000182e7240c20 Unloading class 0x0000000100215400 'java/lang/invoke/LambdaForm$MH+0x0000000100215400'
Event: 2.362 Thread 0x00000182e7240c20 Unloading class 0x0000000100215000 'java/lang/invoke/LambdaForm$BMH+0x0000000100215000'
Event: 2.362 Thread 0x00000182e7240c20 Unloading class 0x0000000100214c00 'java/lang/invoke/LambdaForm$DMH+0x0000000100214c00'
Event: 2.362 Thread 0x00000182e7240c20 Unloading class 0x0000000100212000 'java/lang/invoke/LambdaForm$DMH+0x0000000100212000'

Classes redefined (0 events):
No events

Internal exceptions (20 events):
Event: 1.889 Thread 0x00000182e896b820 Exception <a 'java/lang/NoSuchMethodError'{0x00000000ec164628}: 'int java.lang.invoke.DirectMethodHandle$Holder.invokeStatic(java.lang.Object, java.lang.Object, int)'> (0x00000000ec164628) 
thrown [s\src\hotspot\share\interpreter\linkResolver.cpp, line 759]
Event: 1.890 Thread 0x00000182e896b820 Exception <a 'java/lang/NoSuchMethodError'{0x00000000ec168a20}: 'int java.lang.invoke.DirectMethodHandle$Holder.invokeSpecial(java.lang.Object, java.lang.Object, java.lang.Object, int)'> (0x00000000ec168a20) 
thrown [s\src\hotspot\share\interpreter\linkResolver.cpp, line 759]
Event: 1.891 Thread 0x00000182e896b820 Exception <a 'java/lang/NoSuchMethodError'{0x00000000ec1833a8}: 'java.lang.Object java.lang.invoke.DirectMethodHandle$Holder.invokeStatic(java.lang.Object, java.lang.Object, java.lang.Object, java.lang.Object, int)'> (0x00000000ec1833a8) 
thrown [s\src\hotspot\share\interpreter\linkResolver.cpp, line 759]
Event: 1.892 Thread 0x00000182e896b820 Exception <a 'java/lang/NoSuchMethodError'{0x00000000ec18f610}: 'java.lang.Object java.lang.invoke.DelegatingMethodHandle$Holder.reinvoke_L(java.lang.Object, java.lang.Object, java.lang.Object, java.lang.Object, int, int)'> (0x00000000ec18f610) 
thrown [s\src\hotspot\share\interpreter\linkResolver.cpp, line 759]
Event: 1.896 Thread 0x00000182e896b820 Exception <a 'java/lang/NoSuchMethodError'{0x00000000ec1a73d0}: 'java.lang.Object java.lang.invoke.Invokers$Holder.invokeExact_MT(java.lang.Object, java.lang.Object, java.lang.Object, java.lang.Object)'> (0x00000000ec1a73d0) 
thrown [s\src\hotspot\share\interpreter\linkResolver.cpp, line 759]
Event: 2.024 Thread 0x00000182e896b820 Exception <a 'java/lang/NoSuchMethodError'{0x00000000eae3f0b8}: 'java.lang.Object java.lang.invoke.DirectMethodHandle$Holder.newInvokeSpecial(java.lang.Object, java.lang.Object, java.lang.Object, java.lang.Object, java.lang.Object)'> (0x00000000eae3f0b8) 
thrown [s\src\hotspot\share\interpreter\linkResolver.cpp, line 759]
Event: 2.403 Thread 0x00000182e896b820 Exception <a 'java/lang/NoSuchMethodError'{0x00000000eab18400}: 'java.lang.Object java.lang.invoke.DirectMethodHandle$Holder.invokeSpecial(java.lang.Object, java.lang.Object, java.lang.Object, long, java.lang.Object)'> (0x00000000eab18400) 
thrown [s\src\hotspot\share\interpreter\linkResolver.cpp, line 759]
Event: 2.404 Thread 0x00000182e896b820 Exception <a 'java/lang/NoSuchMethodError'{0x00000000eab205b8}: 'java.lang.Object java.lang.invoke.DirectMethodHandle$Holder.newInvokeSpecial(java.lang.Object, java.lang.Object, java.lang.Object, long)'> (0x00000000eab205b8) 
thrown [s\src\hotspot\share\interpreter\linkResolver.cpp, line 759]
Event: 2.404 Thread 0x00000182e896b820 Exception <a 'java/lang/NoSuchMethodError'{0x00000000eab24b58}: 'java.lang.Object java.lang.invoke.DirectMethodHandle$Holder.invokeSpecial(java.lang.Object, java.lang.Object, java.lang.Object, java.lang.Object, long)'> (0x00000000eab24b58) 
thrown [s\src\hotspot\share\interpreter\linkResolver.cpp, line 759]
Event: 2.415 Thread 0x00000182e896b820 Exception <a 'java/lang/NoSuchMethodError'{0x00000000eabe35d8}: 'int java.lang.invoke.DirectMethodHandle$Holder.invokeStaticInit(java.lang.Object, java.lang.Object, java.lang.Object)'> (0x00000000eabe35d8) 
thrown [s\src\hotspot\share\interpreter\linkResolver.cpp, line 759]
Event: 2.425 Thread 0x00000182e896b820 Exception <a 'java/lang/IncompatibleClassChangeError'{0x00000000eac4a0d0}: Found class java.lang.Object, but interface was expected> (0x00000000eac4a0d0) 
thrown [s\src\hotspot\share\interpreter\linkResolver.cpp, line 826]
Event: 2.948 Thread 0x00000182e896b820 Exception <a 'java/lang/NoSuchMethodError'{0x00000000eb187868}: 'java.lang.Object java.lang.invoke.DirectMethodHandle$Holder.invokeSpecial(java.lang.Object, java.lang.Object, java.lang.Object, int, java.lang.Object, java.lang.Object)'> (0x00000000eb187868) 
thrown [s\src\hotspot\share\interpreter\linkResolver.cpp, line 759]
Event: 2.949 Thread 0x00000182e896b820 Exception <a 'java/lang/NoSuchMethodError'{0x00000000eb18fff0}: 'java.lang.Object java.lang.invoke.DirectMethodHandle$Holder.newInvokeSpecial(java.lang.Object, java.lang.Object, java.lang.Object, int, java.lang.Object)'> (0x00000000eb18fff0) 
thrown [s\src\hotspot\share\interpreter\linkResolver.cpp, line 759]
Event: 2.950 Thread 0x00000182e896b820 Exception <a 'java/lang/NoSuchMethodError'{0x00000000eb194448}: 'java.lang.Object java.lang.invoke.DirectMethodHandle$Holder.invokeSpecial(java.lang.Object, java.lang.Object, java.lang.Object, java.lang.Object, int, java.lang.Object)'> (0x00000000eb194448) 
thrown [s\src\hotspot\share\interpreter\linkResolver.cpp, line 759]
Event: 2.951 Thread 0x00000182e99a0e70 Exception <a 'java/lang/NoSuchMethodError'{0x00000000eab9e5a0}: 'java.lang.Object java.lang.invoke.DirectMethodHandle$Holder.invokeSpecial(java.lang.Object, java.lang.Object, int, java.lang.Object, java.lang.Object)'> (0x00000000eab9e5a0) 
thrown [s\src\hotspot\share\interpreter\linkResolver.cpp, line 759]
Event: 2.951 Thread 0x00000182e99a0e70 Exception <a 'java/lang/NoSuchMethodError'{0x00000000eaba5c70}: 'java.lang.Object java.lang.invoke.DirectMethodHandle$Holder.newInvokeSpecial(java.lang.Object, java.lang.Object, int, java.lang.Object)'> (0x00000000eaba5c70) 
thrown [s\src\hotspot\share\interpreter\linkResolver.cpp, line 759]
Event: 2.951 Thread 0x00000182e99a0e70 Exception <a 'java/lang/NoSuchMethodError'{0x00000000eaba9780}: 'java.lang.Object java.lang.invoke.DirectMethodHandle$Holder.invokeSpecial(java.lang.Object, java.lang.Object, java.lang.Object, int, java.lang.Object)'> (0x00000000eaba9780) 
thrown [s\src\hotspot\share\interpreter\linkResolver.cpp, line 759]
Event: 3.264 Thread 0x00000182e896b820 Exception <a 'java/io/FileNotFoundException'{0x00000000ebb8f4b8}> (0x00000000ebb8f4b8) 
thrown [s\src\hotspot\share\prims\jni.cpp, line 516]
Event: 3.351 Thread 0x00000182e896b820 Exception <a 'java/lang/NoSuchMethodError'{0x00000000ec1752f0}: 'void java.lang.invoke.DirectMethodHandle$Holder.invokeSpecial(java.lang.Object, java.lang.Object, java.lang.Object, int)'> (0x00000000ec1752f0) 
thrown [s\src\hotspot\share\interpreter\linkResolver.cpp, line 759]
Event: 3.396 Thread 0x00000182e99a0e70 Exception <a 'java/io/FileNotFoundException'{0x00000000eab98030}> (0x00000000eab98030) 
thrown [s\src\hotspot\share\prims\jni.cpp, line 516]

VM Operations (20 events):
Event: 1.364 Executing VM operation: ParallelGCFailedAllocation
Event: 1.372 Executing VM operation: ParallelGCFailedAllocation done
Event: 1.743 Executing VM operation: HandshakeAllThreads
Event: 1.743 Executing VM operation: HandshakeAllThreads done
Event: 1.792 Executing VM operation: HandshakeAllThreads
Event: 1.792 Executing VM operation: HandshakeAllThreads done
Event: 1.796 Executing VM operation: HandshakeAllThreads
Event: 1.796 Executing VM operation: HandshakeAllThreads done
Event: 1.886 Executing VM operation: HandshakeAllThreads
Event: 1.886 Executing VM operation: HandshakeAllThreads done
Event: 1.947 Executing VM operation: ParallelGCFailedAllocation
Event: 1.951 Executing VM operation: ParallelGCFailedAllocation done
Event: 2.321 Executing VM operation: ParallelGCFailedAllocation
Event: 2.331 Executing VM operation: ParallelGCFailedAllocation done
Event: 2.349 Executing VM operation: CollectForMetadataAllocation
Event: 2.395 Executing VM operation: CollectForMetadataAllocation done
Event: 3.106 Executing VM operation: HandshakeAllThreads
Event: 3.106 Executing VM operation: HandshakeAllThreads done
Event: 3.390 Executing VM operation: ParallelGCFailedAllocation
Event: 3.392 Executing VM operation: ParallelGCFailedAllocation done

Events (20 events):
Event: 3.413 loading class java/util/zip/DeflaterOutputStream done
Event: 3.413 loading class java/util/zip/GZIPOutputStream done
Event: 3.413 loading class java/util/zip/GZIPInputStream
Event: 3.414 loading class java/util/zip/GZIPInputStream done
Event: 3.424 loading class java/io/StringReader
Event: 3.424 loading class java/io/StringReader done
Event: 3.426 loading class java/net/SocketTimeoutException
Event: 3.426 loading class java/io/InterruptedIOException
Event: 3.426 loading class java/io/InterruptedIOException done
Event: 3.426 loading class java/net/SocketTimeoutException done
Event: 3.426 loading class java/net/SocketException
Event: 3.426 loading class java/net/SocketException done
Event: 3.426 loading class java/net/UnknownHostException
Event: 3.426 loading class java/net/UnknownHostException done
Event: 3.426 loading class java/net/ProtocolException
Event: 3.426 loading class java/net/ProtocolException done
Event: 3.440 loading class java/io/FileWriter
Event: 3.440 loading class java/io/FileWriter done
Event: 3.472 loading class java/lang/NegativeArraySizeException
Event: 3.472 loading class java/lang/NegativeArraySizeException done


Dynamic libraries:
0x00007ff631690000 - 0x00007ff63169e000 	c:\Users\Admin\.vscode\extensions\redhat.java-1.15.0-win32-x64\jre\17.0.6-win32-x86_64\bin\java.exe
0x00007ff909330000 - 0x00007ff909547000 	C:\WINDOWS\SYSTEM32\ntdll.dll
0x00007ff9088f0000 - 0x00007ff9089b4000 	C:\WINDOWS\System32\KERNEL32.DLL
0x00007ff9069d0000 - 0x00007ff906d75000 	C:\WINDOWS\System32\KERNELBASE.dll
0x00007ff9068b0000 - 0x00007ff9069c1000 	C:\WINDOWS\System32\ucrtbase.dll
0x00007ff8fde00000 - 0x00007ff8fde17000 	c:\Users\Admin\.vscode\extensions\redhat.java-1.15.0-win32-x64\jre\17.0.6-win32-x86_64\bin\jli.dll
0x00007ff908b20000 - 0x00007ff908cce000 	C:\WINDOWS\System32\USER32.dll
0x00007ff906fe0000 - 0x00007ff907006000 	C:\WINDOWS\System32\win32u.dll
0x00007ff9072a0000 - 0x00007ff9072c9000 	C:\WINDOWS\System32\GDI32.dll
0x00007ff906e40000 - 0x00007ff906f59000 	C:\WINDOWS\System32\gdi32full.dll
0x00007ff9066a0000 - 0x00007ff90673a000 	C:\WINDOWS\System32\msvcp_win.dll
0x00007ff8f5e50000 - 0x00007ff8f5e69000 	c:\Users\Admin\.vscode\extensions\redhat.java-1.15.0-win32-x64\jre\17.0.6-win32-x86_64\bin\VCRUNTIME140.dll
0x00007ff8f0290000 - 0x00007ff8f0523000 	C:\WINDOWS\WinSxS\amd64_microsoft.windows.common-controls_6595b64144ccf1df_6.0.22621.2506_none_270c5ae97388e100\COMCTL32.dll
0x00007ff907d20000 - 0x00007ff907dc7000 	C:\WINDOWS\System32\msvcrt.dll
0x00007ff908fb0000 - 0x00007ff908fe1000 	C:\WINDOWS\System32\IMM32.DLL
0x00007ff901600000 - 0x00007ff90160c000 	c:\Users\Admin\.vscode\extensions\redhat.java-1.15.0-win32-x64\jre\17.0.6-win32-x86_64\bin\vcruntime140_1.dll
0x00007ff8e3cb0000 - 0x00007ff8e3d41000 	c:\Users\Admin\.vscode\extensions\redhat.java-1.15.0-win32-x64\jre\17.0.6-win32-x86_64\bin\msvcp140.dll
0x00007ff8ad330000 - 0x00007ff8adf77000 	c:\Users\Admin\.vscode\extensions\redhat.java-1.15.0-win32-x64\jre\17.0.6-win32-x86_64\bin\server\jvm.dll
0x00007ff909210000 - 0x00007ff9092c1000 	C:\WINDOWS\System32\ADVAPI32.dll
0x00007ff908f00000 - 0x00007ff908fa6000 	C:\WINDOWS\System32\sechost.dll
0x00007ff907e30000 - 0x00007ff907f47000 	C:\WINDOWS\System32\RPCRT4.dll
0x00007ff901c80000 - 0x00007ff901c89000 	C:\WINDOWS\SYSTEM32\WSOCK32.dll
0x00007ff8fed50000 - 0x00007ff8fed84000 	C:\WINDOWS\SYSTEM32\WINMM.dll
0x00007ff908870000 - 0x00007ff9088e1000 	C:\WINDOWS\System32\WS2_32.dll
0x00007ff8fefe0000 - 0x00007ff8fefea000 	C:\WINDOWS\SYSTEM32\VERSION.dll
0x00007ff905730000 - 0x00007ff905748000 	C:\WINDOWS\SYSTEM32\kernel.appcore.dll
0x00007ff901450000 - 0x00007ff90145a000 	c:\Users\Admin\.vscode\extensions\redhat.java-1.15.0-win32-x64\jre\17.0.6-win32-x86_64\bin\jimage.dll
0x00007ff903fb0000 - 0x00007ff9041e3000 	C:\WINDOWS\SYSTEM32\DBGHELP.DLL
0x00007ff907f50000 - 0x00007ff9082d9000 	C:\WINDOWS\System32\combase.dll
0x00007ff9089c0000 - 0x00007ff908a97000 	C:\WINDOWS\System32\OLEAUT32.dll
0x00007ff8ee8f0000 - 0x00007ff8ee922000 	C:\WINDOWS\SYSTEM32\dbgcore.DLL
0x00007ff906f60000 - 0x00007ff906fda000 	C:\WINDOWS\System32\bcryptPrimitives.dll
0x00007ff8ffc80000 - 0x00007ff8ffc8e000 	c:\Users\Admin\.vscode\extensions\redhat.java-1.15.0-win32-x64\jre\17.0.6-win32-x86_64\bin\instrument.dll
0x00007ff8f5c70000 - 0x00007ff8f5c95000 	c:\Users\Admin\.vscode\extensions\redhat.java-1.15.0-win32-x64\jre\17.0.6-win32-x86_64\bin\java.dll
0x00007ff8f5c50000 - 0x00007ff8f5c68000 	c:\Users\Admin\.vscode\extensions\redhat.java-1.15.0-win32-x64\jre\17.0.6-win32-x86_64\bin\zip.dll
0x00007ff9072d0000 - 0x00007ff907b29000 	C:\WINDOWS\System32\SHELL32.dll
0x00007ff9045d0000 - 0x00007ff904ec4000 	C:\WINDOWS\SYSTEM32\windows.storage.dll
0x00007ff904490000 - 0x00007ff9045ce000 	C:\WINDOWS\SYSTEM32\wintypes.dll
0x00007ff907c20000 - 0x00007ff907d13000 	C:\WINDOWS\System32\SHCORE.dll
0x00007ff907bc0000 - 0x00007ff907c1e000 	C:\WINDOWS\System32\shlwapi.dll
0x00007ff9065d0000 - 0x00007ff9065f6000 	C:\WINDOWS\SYSTEM32\profapi.dll
0x00007ff8f55b0000 - 0x00007ff8f55c9000 	C:\Users\Admin\.vscode\extensions\redhat.java-1.15.0-win32-x64\jre\17.0.6-win32-x86_64\bin\net.dll
0x00007ff8fec10000 - 0x00007ff8fed47000 	C:\WINDOWS\SYSTEM32\WINHTTP.dll
0x00007ff905c10000 - 0x00007ff905c79000 	C:\WINDOWS\system32\mswsock.dll
0x00007ff8f5200000 - 0x00007ff8f5215000 	C:\Users\Admin\.vscode\extensions\redhat.java-1.15.0-win32-x64\jre\17.0.6-win32-x86_64\bin\nio.dll
0x00007ff8fef90000 - 0x00007ff8fefa0000 	c:\Users\Admin\.vscode\extensions\redhat.java-1.15.0-win32-x64\jre\17.0.6-win32-x86_64\bin\verify.dll
0x00007ff8f2180000 - 0x00007ff8f21be000 	C:\Users\Admin\AppData\Roaming\Code\User\globalStorage\redhat.java\1.15.0\config_win\org.eclipse.equinox.launcher\org.eclipse.equinox.launcher.win32.win32.x86_64_1.2.700.v20221108-1024\eclipse_11801.dll
0x00007ff908cd0000 - 0x00007ff908e70000 	C:\WINDOWS\System32\ole32.dll

dbghelp: loaded successfully - version: 4.0.5 - missing functions: none
symbol engine: initialized successfully - sym options: 0x614 - pdb path: .;c:\Users\Admin\.vscode\extensions\redhat.java-1.15.0-win32-x64\jre\17.0.6-win32-x86_64\bin;C:\WINDOWS\SYSTEM32;C:\WINDOWS\WinSxS\amd64_microsoft.windows.common-controls_6595b64144ccf1df_6.0.22621.2506_none_270c5ae97388e100;c:\Users\Admin\.vscode\extensions\redhat.java-1.15.0-win32-x64\jre\17.0.6-win32-x86_64\bin\server;C:\Users\Admin\AppData\Roaming\Code\User\globalStorage\redhat.java\1.15.0\config_win\org.eclipse.equinox.launcher\org.eclipse.equinox.launcher.win32.win32.x86_64_1.2.700.v20221108-1024

VM Arguments:
jvm_args: --add-modules=ALL-SYSTEM --add-opens=java.base/java.util=ALL-UNNAMED --add-opens=java.base/java.lang=ALL-UNNAMED --add-opens=java.base/sun.nio.fs=ALL-UNNAMED -Declipse.application=org.eclipse.jdt.ls.core.id1 -Dosgi.bundles.defaultStartLevel=4 -Declipse.product=org.eclipse.jdt.ls.core.product -Djava.import.generatesMetadataFilesAtProjectRoot=false -Dfile.encoding=utf8 -XX:+UseParallelGC -XX:GCTimeRatio=4 -XX:AdaptiveSizePolicyWeight=90 -Dsun.zip.disableMemoryMapping=true -Xmx1G -Xms100m -Xlog:disable -javaagent:c:\Users\Admin\.vscode\extensions\redhat.java-1.15.0-win32-x64\lombok\lombok-1.18.24.jar -XX:+HeapDumpOnOutOfMemoryError -XX:HeapDumpPath=c:\Users\Admin\AppData\Roaming\Code\User\workspaceStorage\7b86ddf47b8e9642a43fcc037fbf82a1\redhat.java 
java_command: c:\Users\Admin\.vscode\extensions\redhat.java-1.15.0-win32-x64\server\plugins\org.eclipse.equinox.launcher_1.6.400.v20210924-0641.jar -configuration c:\Users\Admin\AppData\Roaming\Code\User\globalStorage\redhat.java\1.15.0\config_win -data c:\Users\Admin\AppData\Roaming\Code\User\workspaceStorage\7b86ddf47b8e9642a43fcc037fbf82a1\redhat.java\jdt_ws
java_class_path (initial): c:\Users\Admin\.vscode\extensions\redhat.java-1.15.0-win32-x64\server\plugins\org.eclipse.equinox.launcher_1.6.400.v20210924-0641.jar
Launcher Type: SUN_STANDARD

[Global flags]
    uintx AdaptiveSizePolicyWeight                 = 90                                        {product} {command line}
     intx CICompilerCount                          = 4                                         {product} {ergonomic}
    uintx GCTimeRatio                              = 4                                         {product} {command line}
     bool HeapDumpOnOutOfMemoryError               = true                                   {manageable} {command line}
    ccstr HeapDumpPath                             = c:\Users\Admin\AppData\Roaming\Code\User\workspaceStorage\7b86ddf47b8e9642a43fcc037fbf82a1\redhat.java         {manageable} {command line}
   size_t InitialHeapSize                          = 104857600                                 {product} {command line}
   size_t MaxHeapSize                              = 1073741824                                {product} {command line}
   size_t MaxNewSize                               = 357564416                                 {product} {ergonomic}
   size_t MinHeapDeltaBytes                        = 524288                                    {product} {ergonomic}
   size_t MinHeapSize                              = 104857600                                 {product} {command line}
   size_t NewSize                                  = 34603008                                  {product} {ergonomic}
    uintx NonNMethodCodeHeapSize                   = 5839372                                {pd product} {ergonomic}
    uintx NonProfiledCodeHeapSize                  = 122909434                              {pd product} {ergonomic}
   size_t OldSize                                  = 70254592                                  {product} {ergonomic}
    uintx ProfiledCodeHeapSize                     = 122909434                              {pd product} {ergonomic}
    uintx ReservedCodeCacheSize                    = 251658240                              {pd product} {ergonomic}
     bool SegmentedCodeCache                       = true                                      {product} {ergonomic}
   size_t SoftMaxHeapSize                          = 1073741824                             {manageable} {ergonomic}
     bool UseCompressedClassPointers               = true                           {product lp64_product} {ergonomic}
     bool UseCompressedOops                        = true                           {product lp64_product} {ergonomic}
     bool UseLargePagesIndividualAllocation        = false                                  {pd product} {ergonomic}
     bool UseParallelGC                            = true                                      {product} {command line}

Logging:
Log output configuration:
 #0: stdout all=off uptime,level,tags
 #1: stderr all=off uptime,level,tags

Environment Variables:
JAVA_HOME=C:\Program Files\Microsoft\jdk-11.0.18.10-hotspot\
PATH=C:\Program Files\Microsoft\jdk-11.0.18.10-hotspot\bin;C:\Windows\system32;C:\Windows;C:\Windows\System32\Wbem;C:\Windows\System32\WindowsPowerShell\v1.0\;C:\Windows\System32\OpenSSH\;C:\Program Files (x86)\NVIDIA Corporation\PhysX\Common;C:\Program Files\NVIDIA Corporation\NVIDIA NvDLISR;C:\WINDOWS\system32;C:\WINDOWS;C:\WINDOWS\System32\Wbem;C:\WINDOWS\System32\WindowsPowerShell\v1.0\;C:\WINDOWS\System32\OpenSSH\;C:\Program Files\Git\cmd;C:\Program Files (x86)\Microsoft SQL Server\110\Tools\Binn\;C:\Program Files\Microsoft SQL Server\110\Tools\Binn\;C:\Program Files\Microsoft SQL Server\110\DTS\Binn\;C:\Program Files (x86)\Microsoft SQL Server\110\Tools\Binn\ManagementStudio\;C:\Program Files (x86)\Microsoft SQL Server\110\DTS\Binn\;C:\ProgramData\chocolatey\bin;C:\Program Files\Microsoft SQL Server\150\Tools\Binn\;C:\Program Files\Microsoft SQL Server\Client SDK\ODBC\170\Tools\Binn\;C:\Program Files\dotnet\;C:\Users\Admin\AppData\Roaming\nvm;C:\Program Files\nodejs;C:\Program Files\MySQL\MySQL Shell 8.0\bin\;C:\Users\Admin\AppData\Local\Microsoft\WindowsApps;C:\Users\Admin\AppData\Local\Programs\Microsoft VS Code\bin;D:\Flutter\flutter\bin;C:\Program Files\JetBrains\IntelliJ IDEA 2022.3.3\bin;;C:\Users\Admin\AppData\Local\Android\Sdk\platform-tools;D:\Soft\mongosh\mongosh-1.9.0-win32-x64\bin;C:\Users\Admin\.dotnet\tools;C:\Users\Admin\AppData\Roaming\npm;C:\Users\Admin\AppData\Roaming\nvm;C:\Program Files\nodejs;C:\Users\Admin\AppData\Local\GitHubDesktop\bin
USERNAME=Admin
OS=Windows_NT
PROCESSOR_IDENTIFIER=Intel64 Family 6 Model 165 Stepping 2, GenuineIntel
TMP=C:\Users\Admin\AppData\Local\Temp
TEMP=C:\Users\Admin\AppData\Local\Temp



---------------  S Y S T E M  ---------------

OS:
 Windows 11 , 64 bit Build 22621 (10.0.22621.2506)
OS uptime: 10 days 5:02 hours

CPU: total 8 (initial active 8) (4 cores per cpu, 2 threads per core) family 6 model 165 stepping 2 microcode 0xe0, cx8, cmov, fxsr, ht, mmx, 3dnowpref, sse, sse2, sse3, ssse3, sse4.1, sse4.2, popcnt, lzcnt, tsc, tscinvbit, avx, avx2, aes, erms, clmul, bmi1, bmi2, adx, fma, vzeroupper, clflush, clflushopt

Memory: 4k page, system-wide physical 8029M (286M free)
TotalPageFile size 32605M (AvailPageFile size 0M)
current process WorkingSet (physical memory assigned to process): 135M, peak: 135M
current process commit charge ("private bytes"): 233M, peak: 235M

vm_info: OpenJDK 64-Bit Server VM (17.0.6+10) for windows-amd64 JRE (17.0.6+10), built on Jan 18 2023 10:08:59 by "temurin" with MS VC++ 16.7 (VS2019)

END.
