#
# There is insufficient memory for the Java Runtime Environment to continue.
# Native memory allocation (malloc) failed to allocate 271216 bytes for Chunk::new
# Possible reasons:
#   The system is out of physical RAM or swap space
#   The process is running with CompressedOops enabled, and the Java Heap may be blocking the growth of the native heap
# Possible solutions:
#   Reduce memory load on the system
#   Increase physical memory or swap space
#   Check if swap backing store is full
#   Decrease Java heap size (-Xmx/-Xms)
#   Decrease number of Java threads
#   Decrease Java thread stack sizes (-Xss)
#   Set larger code cache with -XX:ReservedCodeCacheSize=
#   JVM is running with Unscaled Compressed Oops mode in which the Java heap is
#     placed in the first 4GB address space. The Java Heap base address is the
#     maximum limit for the native heap growth. Please use -XX:HeapBaseMinAddress
#     to set the Java Heap base and to place the Java Heap above 4GB virtual address.
# This output file may be truncated or incomplete.
#
#  Out of Memory Error (arena.cpp:189), pid=16296, tid=21960
#
# JRE version: OpenJDK Runtime Environment Temurin-17.0.6+10 (17.0.6+10) (build 17.0.6+10)
# Java VM: OpenJDK 64-Bit Server VM Temurin-17.0.6+10 (17.0.6+10, mixed mode, tiered, compressed oops, compressed class ptrs, parallel gc, windows-amd64)
# No core dump will be written. Minidumps are not enabled by default on client versions of Windows
#

---------------  S U M M A R Y ------------

Command Line: --add-modules=ALL-SYSTEM --add-opens=java.base/java.util=ALL-UNNAMED --add-opens=java.base/java.lang=ALL-UNNAMED --add-opens=java.base/sun.nio.fs=ALL-UNNAMED -Declipse.application=org.eclipse.jdt.ls.core.id1 -Dosgi.bundles.defaultStartLevel=4 -Declipse.product=org.eclipse.jdt.ls.core.product -Djava.import.generatesMetadataFilesAtProjectRoot=false -Dfile.encoding=utf8 -XX:+UseParallelGC -XX:GCTimeRatio=4 -XX:AdaptiveSizePolicyWeight=90 -Dsun.zip.disableMemoryMapping=true -Xmx1G -Xms100m -Xlog:disable -javaagent:c:\Users\Admin\.vscode\extensions\redhat.java-1.15.0-win32-x64\lombok\lombok-1.18.24.jar -XX:+HeapDumpOnOutOfMemoryError -XX:HeapDumpPath=c:\Users\Admin\AppData\Roaming\Code\User\workspaceStorage\7b86ddf47b8e9642a43fcc037fbf82a1\redhat.java c:\Users\Admin\.vscode\extensions\redhat.java-1.15.0-win32-x64\server\plugins\org.eclipse.equinox.launcher_1.6.400.v20210924-0641.jar -configuration c:\Users\Admin\AppData\Roaming\Code\User\globalStorage\redhat.java\1.15.0\config_win -data c:\Users\Admin\AppData\Roaming\Code\User\workspaceStorage\7b86ddf47b8e9642a43fcc037fbf82a1\redhat.java\jdt_ws

Host: Intel(R) Core(TM) i5-10300H CPU @ 2.50GHz, 8 cores, 7G,  Windows 11 , 64 bit Build 22621 (10.0.22621.2506)
Time: Fri Dec  1 23:28:56 2023 SE Asia Standard Time elapsed time: 0.441152 seconds (0d 0h 0m 0s)

---------------  T H R E A D  ---------------

Current thread (0x000001d196a7f420):  JavaThread "C2 CompilerThread0" daemon [_thread_in_native, id=21960, stack(0x0000003891000000,0x0000003891100000)]


Current CompileTask:
C2:    441  460       4       lombok.patcher.scripts.MethodLevelPatchScript::patch (21 bytes)

Stack: [0x0000003891000000,0x0000003891100000]
Native frames: (J=compiled Java code, j=interpreted, Vv=VM code, C=native code)
V  [jvm.dll+0x67741a]
V  [jvm.dll+0x834434]
V  [jvm.dll+0x835bde]
V  [jvm.dll+0x836243]
V  [jvm.dll+0x2457b5]
V  [jvm.dll+0xabafc]
V  [jvm.dll+0xac0cc]
V  [jvm.dll+0x2ac94f]
V  [jvm.dll+0x57de47]
V  [jvm.dll+0x220812]
V  [jvm.dll+0x220bef]
V  [jvm.dll+0x21a445]
V  [jvm.dll+0x21790b]
V  [jvm.dll+0x1a3d0d]
V  [jvm.dll+0x22742a]
V  [jvm.dll+0x225565]
V  [jvm.dll+0x7ea2cb]
V  [jvm.dll+0x7e483a]
V  [jvm.dll+0x6762c5]
C  [ucrtbase.dll+0x29363]
C  [KERNEL32.DLL+0x1257d]
C  [ntdll.dll+0x5aa58]


---------------  P R O C E S S  ---------------

Threads class SMR info:
_java_thread_list=0x000001d196d56d60, length=12, elements={
0x000001d1ff75ed10, 0x000001d1ff814360, 0x000001d1ff816530, 0x000001d1ffa1dff0,
0x000001d196a7a320, 0x000001d196a7ad40, 0x000001d196a7e780, 0x000001d196a7f420,
0x000001d1ff81cfd0, 0x000001d196ae7420, 0x000001d196b95060, 0x000001d196d107a0
}

Java Threads: ( => current thread )
  0x000001d1ff75ed10 JavaThread "main" [_thread_in_Java, id=10208, stack(0x0000003890700000,0x0000003890800000)]
  0x000001d1ff814360 JavaThread "Reference Handler" daemon [_thread_blocked, id=21908, stack(0x0000003890a00000,0x0000003890b00000)]
  0x000001d1ff816530 JavaThread "Finalizer" daemon [_thread_blocked, id=14516, stack(0x0000003890b00000,0x0000003890c00000)]
  0x000001d1ffa1dff0 JavaThread "Signal Dispatcher" daemon [_thread_blocked, id=19056, stack(0x0000003890c00000,0x0000003890d00000)]
  0x000001d196a7a320 JavaThread "Attach Listener" daemon [_thread_blocked, id=26224, stack(0x0000003890d00000,0x0000003890e00000)]
  0x000001d196a7ad40 JavaThread "Service Thread" daemon [_thread_blocked, id=27044, stack(0x0000003890e00000,0x0000003890f00000)]
  0x000001d196a7e780 JavaThread "Monitor Deflation Thread" daemon [_thread_blocked, id=28008, stack(0x0000003890f00000,0x0000003891000000)]
=>0x000001d196a7f420 JavaThread "C2 CompilerThread0" daemon [_thread_in_native, id=21960, stack(0x0000003891000000,0x0000003891100000)]
  0x000001d1ff81cfd0 JavaThread "C1 CompilerThread0" daemon [_thread_blocked, id=6988, stack(0x0000003891100000,0x0000003891200000)]
  0x000001d196ae7420 JavaThread "Sweeper thread" daemon [_thread_blocked, id=18956, stack(0x0000003891200000,0x0000003891300000)]
  0x000001d196b95060 JavaThread "Common-Cleaner" daemon [_thread_blocked, id=28308, stack(0x0000003891300000,0x0000003891400000)]
  0x000001d196d107a0 JavaThread "Notification Thread" daemon [_thread_blocked, id=14044, stack(0x0000003891400000,0x0000003891500000)]

Other Threads:
  0x000001d1ffa195f0 VMThread "VM Thread" [stack: 0x0000003890900000,0x0000003890a00000] [id=16284]
  0x000001d196d10c70 WatcherThread [stack: 0x0000003891500000,0x0000003891600000] [id=22472]
  0x000001d1ff776250 GCTaskThread "GC Thread#0" [stack: 0x0000003890800000,0x0000003890900000] [id=27388]

Threads with active compile tasks:
C2 CompilerThread0      454  460       4       lombok.patcher.scripts.MethodLevelPatchScript::patch (21 bytes)

VM state: not at safepoint (normal execution)

VM Mutex/Monitor currently owned by a thread: None

Heap address: 0x00000000c0000000, size: 1024 MB, Compressed Oops mode: 32-bit

CDS archive(s) not mapped
Compressed class space mapped at: 0x0000000100000000-0x0000000140000000, reserved size: 1073741824
Narrow klass base: 0x0000000000000000, Narrow klass shift: 3, Narrow klass range: 0x140000000

GC Precious Log:
 CPUs: 8 total, 8 available
 Memory: 8029M
 Large Page Support: Disabled
 NUMA Support: Disabled
 Compressed Oops: Enabled (32-bit)
 Alignments: Space 512K, Generation 512K, Heap 2M
 Heap Min Capacity: 100M
 Heap Initial Capacity: 100M
 Heap Max Capacity: 1G
 Pre-touch: Disabled
 Parallel Workers: 8

Heap:
 PSYoungGen      total 29696K, used 10536K [0x00000000eab00000, 0x00000000ecc00000, 0x0000000100000000)
  eden space 25600K, 41% used [0x00000000eab00000,0x00000000eb54a150,0x00000000ec400000)
  from space 4096K, 0% used [0x00000000ec800000,0x00000000ec800000,0x00000000ecc00000)
  to   space 4096K, 0% used [0x00000000ec400000,0x00000000ec400000,0x00000000ec800000)
 ParOldGen       total 68608K, used 0K [0x00000000c0000000, 0x00000000c4300000, 0x00000000eab00000)
  object space 68608K, 0% used [0x00000000c0000000,0x00000000c0000000,0x00000000c4300000)
 Metaspace       used 8032K, committed 8128K, reserved 1056768K
  class space    used 781K, committed 832K, reserved 1048576K

Card table byte_map: [0x000001d1ff130000,0x000001d1ff340000] _byte_map_base: 0x000001d1feb30000

Marking Bits: (ParMarkBitMap*) 0x00007ff8adeb3e70
 Begin Bits: [0x000001d192fd0000, 0x000001d193fd0000)
 End Bits:   [0x000001d193fd0000, 0x000001d194fd0000)

Polling page: 0x000001d1fef20000

Metaspace:

Usage:
  Non-class:      7.08 MB used.
      Class:    781.55 KB used.
       Both:      7.84 MB used.

Virtual space:
  Non-class space:        8.00 MB reserved,       7.12 MB ( 89%) committed,  1 nodes.
      Class space:        1.00 GB reserved,     832.00 KB ( <1%) committed,  1 nodes.
             Both:        1.01 GB reserved,       7.94 MB ( <1%) committed. 

Chunk freelists:
   Non-Class:  0 bytes
       Class:  3.22 MB
        Both:  3.22 MB

MaxMetaspaceSize: unlimited
CompressedClassSpaceSize: 1.00 GB
Initial GC threshold: 21.00 MB
Current GC threshold: 21.00 MB
CDS: off
MetaspaceReclaimPolicy: balanced
 - commit_granule_bytes: 65536.
 - commit_granule_words: 8192.
 - virtual_space_node_default_size: 1048576.
 - enlarge_chunks_in_place: 1.
 - new_chunks_are_fully_committed: 0.
 - uncommit_free_chunks: 1.
 - use_allocation_guard: 0.
 - handle_deallocations: 1.


Internal statistics:

num_allocs_failed_limit: 0.
num_arena_births: 10.
num_arena_deaths: 0.
num_vsnodes_births: 2.
num_vsnodes_deaths: 0.
num_space_committed: 127.
num_space_uncommitted: 0.
num_chunks_returned_to_freelist: 0.
num_chunks_taken_from_freelist: 37.
num_chunk_merges: 0.
num_chunk_splits: 20.
num_chunks_enlarged: 17.
num_purges: 0.
num_inconsistent_stats: 0.

CodeHeap 'non-profiled nmethods': size=120000Kb used=148Kb max_used=148Kb free=119851Kb
 bounds [0x000001d18baa0000, 0x000001d18bd10000, 0x000001d192fd0000]
CodeHeap 'profiled nmethods': size=120000Kb used=678Kb max_used=678Kb free=119321Kb
 bounds [0x000001d183fd0000, 0x000001d184240000, 0x000001d18b500000]
CodeHeap 'non-nmethods': size=5760Kb used=1126Kb max_used=1137Kb free=4633Kb
 bounds [0x000001d18b500000, 0x000001d18b770000, 0x000001d18baa0000]
 total_blobs=888 nmethods=474 adapters=329
 compilation: enabled
              stopped_count=0, restarted_count=0
 full_count=0

Compilation events (20 events):
Event: 0.427 Thread 0x000001d1ff81cfd0  469       3       java.lang.Integer::numberOfLeadingZeros (79 bytes)
Event: 0.427 Thread 0x000001d1ff81cfd0 nmethod 469 0x000001d184072610 code [0x000001d1840727c0, 0x000001d184072a98]
Event: 0.428 Thread 0x000001d1ff81cfd0  470       3       java.math.BigInteger::<init> (404 bytes)
Event: 0.430 Thread 0x000001d1ff81cfd0 nmethod 470 0x000001d184072b10 code [0x000001d184072fc0, 0x000001d1840750e8]
Event: 0.430 Thread 0x000001d1ff81cfd0  471       3       java.math.BigInteger::getInt (63 bytes)
Event: 0.430 Thread 0x000001d1ff81cfd0 nmethod 471 0x000001d184075f90 code [0x000001d184076160, 0x000001d184076568]
Event: 0.430 Thread 0x000001d1ff81cfd0  475       3       sun.security.util.CurveDB::bi (11 bytes)
Event: 0.430 Thread 0x000001d1ff81cfd0 nmethod 475 0x000001d184076690 code [0x000001d184076840, 0x000001d1840769e8]
Event: 0.430 Thread 0x000001d1ff81cfd0  476       1       java.math.BigInteger::signum (5 bytes)
Event: 0.430 Thread 0x000001d1ff81cfd0 nmethod 476 0x000001d18bac4d90 code [0x000001d18bac4f20, 0x000001d18bac4ff8]
Event: 0.432 Thread 0x000001d1ff81cfd0  477       3       java.util.regex.Pattern::isSupplementary (21 bytes)
Event: 0.432 Thread 0x000001d1ff81cfd0 nmethod 477 0x000001d184076a90 code [0x000001d184076c40, 0x000001d184076eb8]
Event: 0.432 Thread 0x000001d1ff81cfd0  478       3       java.lang.Character::isSurrogate (18 bytes)
Event: 0.432 Thread 0x000001d1ff81cfd0 nmethod 478 0x000001d184076f90 code [0x000001d184077120, 0x000001d1840772b8]
Event: 0.433 Thread 0x000001d1ff81cfd0  479       3       java.lang.invoke.MethodType::equals (31 bytes)
Event: 0.433 Thread 0x000001d1ff81cfd0 nmethod 479 0x000001d184077390 code [0x000001d184077540, 0x000001d184077728]
Event: 0.433 Thread 0x000001d1ff81cfd0  480   !   3       java.lang.invoke.MemberName::getMethodType (211 bytes)
Event: 0.434 Thread 0x000001d1ff81cfd0 nmethod 480 0x000001d184077810 code [0x000001d184077b00, 0x000001d184078fb8]
Event: 0.435 Thread 0x000001d1ff81cfd0  481       3       java.util.regex.Pattern::peek (26 bytes)
Event: 0.435 Thread 0x000001d1ff81cfd0 nmethod 481 0x000001d184079590 code [0x000001d184079740, 0x000001d1840799a8]

GC Heap History (0 events):
No events

Dll operation events (8 events):
Event: 0.031 Loaded shared library c:\Users\Admin\.vscode\extensions\redhat.java-1.15.0-win32-x64\jre\17.0.6-win32-x86_64\bin\java.dll
Event: 0.180 Loaded shared library c:\Users\Admin\.vscode\extensions\redhat.java-1.15.0-win32-x64\jre\17.0.6-win32-x86_64\bin\zip.dll
Event: 0.183 Loaded shared library C:\Users\Admin\.vscode\extensions\redhat.java-1.15.0-win32-x64\jre\17.0.6-win32-x86_64\bin\instrument.dll
Event: 0.197 Loaded shared library C:\Users\Admin\.vscode\extensions\redhat.java-1.15.0-win32-x64\jre\17.0.6-win32-x86_64\bin\net.dll
Event: 0.198 Loaded shared library C:\Users\Admin\.vscode\extensions\redhat.java-1.15.0-win32-x64\jre\17.0.6-win32-x86_64\bin\nio.dll
Event: 0.208 Loaded shared library C:\Users\Admin\.vscode\extensions\redhat.java-1.15.0-win32-x64\jre\17.0.6-win32-x86_64\bin\zip.dll
Event: 0.224 Loaded shared library C:\Users\Admin\.vscode\extensions\redhat.java-1.15.0-win32-x64\jre\17.0.6-win32-x86_64\bin\jimage.dll
Event: 0.271 Loaded shared library c:\Users\Admin\.vscode\extensions\redhat.java-1.15.0-win32-x64\jre\17.0.6-win32-x86_64\bin\verify.dll

Deoptimization events (20 events):
Event: 0.352 Thread 0x000001d1ff75ed10 Uncommon trap: trap_request=0xffffff45 fr.pc=0x000001d18baaeadc relative=0x000000000000005c
Event: 0.352 Thread 0x000001d1ff75ed10 Uncommon trap: reason=unstable_if action=reinterpret pc=0x000001d18baaeadc method=java.lang.String.isLatin1()Z @ 10 c2
Event: 0.352 Thread 0x000001d1ff75ed10 DEOPT PACKING pc=0x000001d18baaeadc sp=0x00000038907fe390
Event: 0.352 Thread 0x000001d1ff75ed10 DEOPT UNPACKING pc=0x000001d18b5566a3 sp=0x00000038907fe320 mode 2
Event: 0.352 Thread 0x000001d1ff75ed10 Uncommon trap: trap_request=0xffffff45 fr.pc=0x000001d18baaf178 relative=0x0000000000000078
Event: 0.352 Thread 0x000001d1ff75ed10 Uncommon trap: reason=unstable_if action=reinterpret pc=0x000001d18baaf178 method=java.lang.String.isLatin1()Z @ 10 c2
Event: 0.352 Thread 0x000001d1ff75ed10 DEOPT PACKING pc=0x000001d18baaf178 sp=0x00000038907fed90
Event: 0.352 Thread 0x000001d1ff75ed10 DEOPT UNPACKING pc=0x000001d18b5566a3 sp=0x00000038907fecd0 mode 2
Event: 0.373 Thread 0x000001d1ff75ed10 Uncommon trap: trap_request=0xffffff45 fr.pc=0x000001d18baae354 relative=0x0000000000000574
Event: 0.373 Thread 0x000001d1ff75ed10 Uncommon trap: reason=unstable_if action=reinterpret pc=0x000001d18baae354 method=java.util.HashMap.putVal(ILjava/lang/Object;Ljava/lang/Object;ZZ)Ljava/lang/Object; @ 181 c2
Event: 0.373 Thread 0x000001d1ff75ed10 DEOPT PACKING pc=0x000001d18baae354 sp=0x00000038907fdbd0
Event: 0.373 Thread 0x000001d1ff75ed10 DEOPT UNPACKING pc=0x000001d18b5566a3 sp=0x00000038907fdb40 mode 2
Event: 0.415 Thread 0x000001d1ff75ed10 Uncommon trap: trap_request=0xffffff45 fr.pc=0x000001d18bab36c4 relative=0x00000000000000c4
Event: 0.415 Thread 0x000001d1ff75ed10 Uncommon trap: reason=unstable_if action=reinterpret pc=0x000001d18bab36c4 method=java.net.URI.match(CJJ)Z @ 45 c2
Event: 0.415 Thread 0x000001d1ff75ed10 DEOPT PACKING pc=0x000001d18bab36c4 sp=0x00000038907fc860
Event: 0.415 Thread 0x000001d1ff75ed10 DEOPT UNPACKING pc=0x000001d18b5566a3 sp=0x00000038907fc7e8 mode 2
Event: 0.422 Thread 0x000001d1ff75ed10 Uncommon trap: trap_request=0xffffff45 fr.pc=0x000001d18bac36d8 relative=0x0000000000000678
Event: 0.422 Thread 0x000001d1ff75ed10 Uncommon trap: reason=unstable_if action=reinterpret pc=0x000001d18bac36d8 method=java.lang.String.replace(Ljava/lang/CharSequence;Ljava/lang/CharSequence;)Ljava/lang/String; @ 48 c2
Event: 0.423 Thread 0x000001d1ff75ed10 DEOPT PACKING pc=0x000001d18bac36d8 sp=0x00000038907fc7e0
Event: 0.423 Thread 0x000001d1ff75ed10 DEOPT UNPACKING pc=0x000001d18b5566a3 sp=0x00000038907fc760 mode 2

Classes unloaded (0 events):
No events

Classes redefined (0 events):
No events

Internal exceptions (2 events):
Event: 0.157 Thread 0x000001d1ff75ed10 Exception <a 'java/lang/NoSuchMethodError'{0x00000000eacb26a8}: 'void java.lang.invoke.DirectMethodHandle$Holder.invokeStatic(java.lang.Object, java.lang.Object, java.lang.Object)'> (0x00000000eacb26a8) 
thrown [s\src\hotspot\share\interpreter\linkResolver.cpp, line 759]
Event: 0.292 Thread 0x000001d1ff75ed10 Exception <a 'java/lang/reflect/InvocationTargetException'{0x00000000eaf79290}> (0x00000000eaf79290) 
thrown [s\src\hotspot\share\runtime\reflection.cpp, line 1121]

VM Operations (4 events):
Event: 0.163 Executing VM operation: HandshakeAllThreads
Event: 0.163 Executing VM operation: HandshakeAllThreads done
Event: 0.241 Executing VM operation: HandshakeAllThreads
Event: 0.241 Executing VM operation: HandshakeAllThreads done

Events (20 events):
Event: 0.437 loading class java/time/zone/ZoneRules done
Event: 0.437 loading class java/time/zone/ZoneOffsetTransitionRule
Event: 0.437 loading class java/time/zone/ZoneOffsetTransitionRule done
Event: 0.437 loading class java/time/LocalDateTime
Event: 0.437 loading class java/time/temporal/Temporal
Event: 0.437 loading class java/time/temporal/Temporal done
Event: 0.438 loading class java/time/chrono/ChronoLocalDateTime
Event: 0.438 loading class java/time/chrono/ChronoLocalDateTime done
Event: 0.438 loading class java/time/LocalDateTime done
Event: 0.438 loading class java/time/ZonedDateTime
Event: 0.438 loading class java/time/chrono/ChronoZonedDateTime
Event: 0.439 loading class java/time/chrono/ChronoZonedDateTime done
Event: 0.439 loading class java/time/ZonedDateTime done
Event: 0.439 loading class java/time/LocalDate
Event: 0.439 loading class java/time/chrono/ChronoLocalDate
Event: 0.440 loading class java/time/chrono/ChronoLocalDate done
Event: 0.440 loading class java/time/LocalDate done
Event: 0.440 loading class java/time/temporal/ChronoField
Event: 0.440 loading class java/time/temporal/TemporalField
Event: 0.440 loading class java/time/temporal/TemporalField done


Dynamic libraries:
0x00007ff631690000 - 0x00007ff63169e000 	c:\Users\Admin\.vscode\extensions\redhat.java-1.15.0-win32-x64\jre\17.0.6-win32-x86_64\bin\java.exe
0x00007ff909330000 - 0x00007ff909547000 	C:\WINDOWS\SYSTEM32\ntdll.dll
0x00007ff9088f0000 - 0x00007ff9089b4000 	C:\WINDOWS\System32\KERNEL32.DLL
0x00007ff9069d0000 - 0x00007ff906d75000 	C:\WINDOWS\System32\KERNELBASE.dll
0x00007ff9068b0000 - 0x00007ff9069c1000 	C:\WINDOWS\System32\ucrtbase.dll
0x00007ff8fde00000 - 0x00007ff8fde17000 	c:\Users\Admin\.vscode\extensions\redhat.java-1.15.0-win32-x64\jre\17.0.6-win32-x86_64\bin\jli.dll
0x00007ff908b20000 - 0x00007ff908cce000 	C:\WINDOWS\System32\USER32.dll
0x00007ff906fe0000 - 0x00007ff907006000 	C:\WINDOWS\System32\win32u.dll
0x00007ff9072a0000 - 0x00007ff9072c9000 	C:\WINDOWS\System32\GDI32.dll
0x00007ff906e40000 - 0x00007ff906f59000 	C:\WINDOWS\System32\gdi32full.dll
0x00007ff9066a0000 - 0x00007ff90673a000 	C:\WINDOWS\System32\msvcp_win.dll
0x00007ff8f5e50000 - 0x00007ff8f5e69000 	c:\Users\Admin\.vscode\extensions\redhat.java-1.15.0-win32-x64\jre\17.0.6-win32-x86_64\bin\VCRUNTIME140.dll
0x00007ff8f0290000 - 0x00007ff8f0523000 	C:\WINDOWS\WinSxS\amd64_microsoft.windows.common-controls_6595b64144ccf1df_6.0.22621.2506_none_270c5ae97388e100\COMCTL32.dll
0x00007ff907d20000 - 0x00007ff907dc7000 	C:\WINDOWS\System32\msvcrt.dll
0x00007ff908fb0000 - 0x00007ff908fe1000 	C:\WINDOWS\System32\IMM32.DLL
0x00007ff901600000 - 0x00007ff90160c000 	c:\Users\Admin\.vscode\extensions\redhat.java-1.15.0-win32-x64\jre\17.0.6-win32-x86_64\bin\vcruntime140_1.dll
0x00007ff8e3cb0000 - 0x00007ff8e3d41000 	c:\Users\Admin\.vscode\extensions\redhat.java-1.15.0-win32-x64\jre\17.0.6-win32-x86_64\bin\msvcp140.dll
0x00007ff8ad330000 - 0x00007ff8adf77000 	c:\Users\Admin\.vscode\extensions\redhat.java-1.15.0-win32-x64\jre\17.0.6-win32-x86_64\bin\server\jvm.dll
0x00007ff909210000 - 0x00007ff9092c1000 	C:\WINDOWS\System32\ADVAPI32.dll
0x00007ff908f00000 - 0x00007ff908fa6000 	C:\WINDOWS\System32\sechost.dll
0x00007ff907e30000 - 0x00007ff907f47000 	C:\WINDOWS\System32\RPCRT4.dll
0x00007ff901c80000 - 0x00007ff901c89000 	C:\WINDOWS\SYSTEM32\WSOCK32.dll
0x00007ff908870000 - 0x00007ff9088e1000 	C:\WINDOWS\System32\WS2_32.dll
0x00007ff8fed50000 - 0x00007ff8fed84000 	C:\WINDOWS\SYSTEM32\WINMM.dll
0x00007ff8fefe0000 - 0x00007ff8fefea000 	C:\WINDOWS\SYSTEM32\VERSION.dll
0x00007ff905730000 - 0x00007ff905748000 	C:\WINDOWS\SYSTEM32\kernel.appcore.dll
0x00007ff901450000 - 0x00007ff90145a000 	c:\Users\Admin\.vscode\extensions\redhat.java-1.15.0-win32-x64\jre\17.0.6-win32-x86_64\bin\jimage.dll
0x00007ff903fb0000 - 0x00007ff9041e3000 	C:\WINDOWS\SYSTEM32\DBGHELP.DLL
0x00007ff907f50000 - 0x00007ff9082d9000 	C:\WINDOWS\System32\combase.dll
0x00007ff9089c0000 - 0x00007ff908a97000 	C:\WINDOWS\System32\OLEAUT32.dll
0x00007ff8ee8f0000 - 0x00007ff8ee922000 	C:\WINDOWS\SYSTEM32\dbgcore.DLL
0x00007ff906f60000 - 0x00007ff906fda000 	C:\WINDOWS\System32\bcryptPrimitives.dll
0x00007ff8ffc80000 - 0x00007ff8ffc8e000 	c:\Users\Admin\.vscode\extensions\redhat.java-1.15.0-win32-x64\jre\17.0.6-win32-x86_64\bin\instrument.dll
0x00007ff8f5560000 - 0x00007ff8f5585000 	c:\Users\Admin\.vscode\extensions\redhat.java-1.15.0-win32-x64\jre\17.0.6-win32-x86_64\bin\java.dll
0x00007ff8f5c50000 - 0x00007ff8f5c68000 	c:\Users\Admin\.vscode\extensions\redhat.java-1.15.0-win32-x64\jre\17.0.6-win32-x86_64\bin\zip.dll
0x00007ff9072d0000 - 0x00007ff907b29000 	C:\WINDOWS\System32\SHELL32.dll
0x00007ff9045d0000 - 0x00007ff904ec4000 	C:\WINDOWS\SYSTEM32\windows.storage.dll
0x00007ff904490000 - 0x00007ff9045ce000 	C:\WINDOWS\SYSTEM32\wintypes.dll
0x00007ff907c20000 - 0x00007ff907d13000 	C:\WINDOWS\System32\SHCORE.dll
0x00007ff907bc0000 - 0x00007ff907c1e000 	C:\WINDOWS\System32\shlwapi.dll
0x00007ff9065d0000 - 0x00007ff9065f6000 	C:\WINDOWS\SYSTEM32\profapi.dll
0x00007ff8f5c80000 - 0x00007ff8f5c99000 	C:\Users\Admin\.vscode\extensions\redhat.java-1.15.0-win32-x64\jre\17.0.6-win32-x86_64\bin\net.dll
0x00007ff8fec10000 - 0x00007ff8fed47000 	C:\WINDOWS\SYSTEM32\WINHTTP.dll
0x00007ff905c10000 - 0x00007ff905c79000 	C:\WINDOWS\system32\mswsock.dll
0x00007ff8f55b0000 - 0x00007ff8f55c5000 	C:\Users\Admin\.vscode\extensions\redhat.java-1.15.0-win32-x64\jre\17.0.6-win32-x86_64\bin\nio.dll
0x00007ff8fef90000 - 0x00007ff8fefa0000 	c:\Users\Admin\.vscode\extensions\redhat.java-1.15.0-win32-x64\jre\17.0.6-win32-x86_64\bin\verify.dll

dbghelp: loaded successfully - version: 4.0.5 - missing functions: none
symbol engine: initialized successfully - sym options: 0x614 - pdb path: .;c:\Users\Admin\.vscode\extensions\redhat.java-1.15.0-win32-x64\jre\17.0.6-win32-x86_64\bin;C:\WINDOWS\SYSTEM32;C:\WINDOWS\WinSxS\amd64_microsoft.windows.common-controls_6595b64144ccf1df_6.0.22621.2506_none_270c5ae97388e100;c:\Users\Admin\.vscode\extensions\redhat.java-1.15.0-win32-x64\jre\17.0.6-win32-x86_64\bin\server

VM Arguments:
jvm_args: --add-modules=ALL-SYSTEM --add-opens=java.base/java.util=ALL-UNNAMED --add-opens=java.base/java.lang=ALL-UNNAMED --add-opens=java.base/sun.nio.fs=ALL-UNNAMED -Declipse.application=org.eclipse.jdt.ls.core.id1 -Dosgi.bundles.defaultStartLevel=4 -Declipse.product=org.eclipse.jdt.ls.core.product -Djava.import.generatesMetadataFilesAtProjectRoot=false -Dfile.encoding=utf8 -XX:+UseParallelGC -XX:GCTimeRatio=4 -XX:AdaptiveSizePolicyWeight=90 -Dsun.zip.disableMemoryMapping=true -Xmx1G -Xms100m -Xlog:disable -javaagent:c:\Users\Admin\.vscode\extensions\redhat.java-1.15.0-win32-x64\lombok\lombok-1.18.24.jar -XX:+HeapDumpOnOutOfMemoryError -XX:HeapDumpPath=c:\Users\Admin\AppData\Roaming\Code\User\workspaceStorage\7b86ddf47b8e9642a43fcc037fbf82a1\redhat.java 
java_command: c:\Users\Admin\.vscode\extensions\redhat.java-1.15.0-win32-x64\server\plugins\org.eclipse.equinox.launcher_1.6.400.v20210924-0641.jar -configuration c:\Users\Admin\AppData\Roaming\Code\User\globalStorage\redhat.java\1.15.0\config_win -data c:\Users\Admin\AppData\Roaming\Code\User\workspaceStorage\7b86ddf47b8e9642a43fcc037fbf82a1\redhat.java\jdt_ws
java_class_path (initial): c:\Users\Admin\.vscode\extensions\redhat.java-1.15.0-win32-x64\server\plugins\org.eclipse.equinox.launcher_1.6.400.v20210924-0641.jar
Launcher Type: SUN_STANDARD

[Global flags]
    uintx AdaptiveSizePolicyWeight                 = 90                                        {product} {command line}
     intx CICompilerCount                          = 4                                         {product} {ergonomic}
    uintx GCTimeRatio                              = 4                                         {product} {command line}
     bool HeapDumpOnOutOfMemoryError               = true                                   {manageable} {command line}
    ccstr HeapDumpPath                             = c:\Users\Admin\AppData\Roaming\Code\User\workspaceStorage\7b86ddf47b8e9642a43fcc037fbf82a1\redhat.java         {manageable} {command line}
   size_t InitialHeapSize                          = 104857600                                 {product} {command line}
   size_t MaxHeapSize                              = 1073741824                                {product} {command line}
   size_t MaxNewSize                               = 357564416                                 {product} {ergonomic}
   size_t MinHeapDeltaBytes                        = 524288                                    {product} {ergonomic}
   size_t MinHeapSize                              = 104857600                                 {product} {command line}
   size_t NewSize                                  = 34603008                                  {product} {ergonomic}
    uintx NonNMethodCodeHeapSize                   = 5839372                                {pd product} {ergonomic}
    uintx NonProfiledCodeHeapSize                  = 122909434                              {pd product} {ergonomic}
   size_t OldSize                                  = 70254592                                  {product} {ergonomic}
    uintx ProfiledCodeHeapSize                     = 122909434                              {pd product} {ergonomic}
    uintx ReservedCodeCacheSize                    = 251658240                              {pd product} {ergonomic}
     bool SegmentedCodeCache                       = true                                      {product} {ergonomic}
   size_t SoftMaxHeapSize                          = 1073741824                             {manageable} {ergonomic}
     bool UseCompressedClassPointers               = true                           {product lp64_product} {ergonomic}
     bool UseCompressedOops                        = true                           {product lp64_product} {ergonomic}
     bool UseLargePagesIndividualAllocation        = false                                  {pd product} {ergonomic}
     bool UseParallelGC                            = true                                      {product} {command line}

Logging:
Log output configuration:
 #0: stdout all=off uptime,level,tags
 #1: stderr all=off uptime,level,tags

Environment Variables:
JAVA_HOME=C:\Program Files\Microsoft\jdk-11.0.18.10-hotspot\
PATH=C:\Program Files\Microsoft\jdk-11.0.18.10-hotspot\bin;C:\Windows\system32;C:\Windows;C:\Windows\System32\Wbem;C:\Windows\System32\WindowsPowerShell\v1.0\;C:\Windows\System32\OpenSSH\;C:\Program Files (x86)\NVIDIA Corporation\PhysX\Common;C:\Program Files\NVIDIA Corporation\NVIDIA NvDLISR;C:\WINDOWS\system32;C:\WINDOWS;C:\WINDOWS\System32\Wbem;C:\WINDOWS\System32\WindowsPowerShell\v1.0\;C:\WINDOWS\System32\OpenSSH\;C:\Program Files\Git\cmd;C:\Program Files (x86)\Microsoft SQL Server\110\Tools\Binn\;C:\Program Files\Microsoft SQL Server\110\Tools\Binn\;C:\Program Files\Microsoft SQL Server\110\DTS\Binn\;C:\Program Files (x86)\Microsoft SQL Server\110\Tools\Binn\ManagementStudio\;C:\Program Files (x86)\Microsoft SQL Server\110\DTS\Binn\;C:\ProgramData\chocolatey\bin;C:\Program Files\Microsoft SQL Server\150\Tools\Binn\;C:\Program Files\Microsoft SQL Server\Client SDK\ODBC\170\Tools\Binn\;C:\Program Files\dotnet\;C:\Users\Admin\AppData\Roaming\nvm;C:\Program Files\nodejs;C:\Program Files\MySQL\MySQL Shell 8.0\bin\;C:\Users\Admin\AppData\Local\Microsoft\WindowsApps;C:\Users\Admin\AppData\Local\Programs\Microsoft VS Code\bin;D:\Flutter\flutter\bin;C:\Program Files\JetBrains\IntelliJ IDEA 2022.3.3\bin;;C:\Users\Admin\AppData\Local\Android\Sdk\platform-tools;D:\Soft\mongosh\mongosh-1.9.0-win32-x64\bin;C:\Users\Admin\.dotnet\tools;C:\Users\Admin\AppData\Roaming\npm;C:\Users\Admin\AppData\Roaming\nvm;C:\Program Files\nodejs;C:\Users\Admin\AppData\Local\GitHubDesktop\bin
USERNAME=Admin
OS=Windows_NT
PROCESSOR_IDENTIFIER=Intel64 Family 6 Model 165 Stepping 2, GenuineIntel
TMP=C:\Users\Admin\AppData\Local\Temp
TEMP=C:\Users\Admin\AppData\Local\Temp



---------------  S Y S T E M  ---------------

OS:
 Windows 11 , 64 bit Build 22621 (10.0.22621.2506)
OS uptime: 10 days 5:01 hours

CPU: total 8 (initial active 8) (4 cores per cpu, 2 threads per core) family 6 model 165 stepping 2 microcode 0xe0, cx8, cmov, fxsr, ht, mmx, 3dnowpref, sse, sse2, sse3, ssse3, sse4.1, sse4.2, popcnt, lzcnt, tsc, tscinvbit, avx, avx2, aes, erms, clmul, bmi1, bmi2, adx, fma, vzeroupper, clflush, clflushopt

Memory: 4k page, system-wide physical 8029M (194M free)
TotalPageFile size 32605M (AvailPageFile size 0M)
current process WorkingSet (physical memory assigned to process): 47M, peak: 47M
current process commit charge ("private bytes"): 190M, peak: 190M

vm_info: OpenJDK 64-Bit Server VM (17.0.6+10) for windows-amd64 JRE (17.0.6+10), built on Jan 18 2023 10:08:59 by "temurin" with MS VC++ 16.7 (VS2019)

END.
